{"D:\\Hacktiv8\\Materi\\Phase 2\\Group Project\\Ngobrol\\server\\app.js": {"path":"D:\\Hacktiv8\\Materi\\Phase 2\\Group Project\\Ngobrol\\server\\app.js","statementMap":{"0":{"start":{"line":1,"column":0},"end":{"line":1,"column":27}},"1":{"start":{"line":2,"column":16},"end":{"line":2,"column":34}},"2":{"start":{"line":3,"column":13},"end":{"line":3,"column":28}},"3":{"start":{"line":4,"column":15},"end":{"line":4,"column":34}},"4":{"start":{"line":5,"column":13},"end":{"line":5,"column":28}},"5":{"start":{"line":6,"column":20},"end":{"line":6,"column":39}},"6":{"start":{"line":8,"column":12},"end":{"line":8,"column":21}},"7":{"start":{"line":10,"column":0},"end":{"line":10,"column":48}},"8":{"start":{"line":11,"column":0},"end":{"line":11,"column":24}},"9":{"start":{"line":12,"column":0},"end":{"line":12,"column":16}},"10":{"start":{"line":13,"column":0},"end":{"line":13,"column":16}},"11":{"start":{"line":15,"column":13},"end":{"line":15,"column":37}},"12":{"start":{"line":16,"column":15},"end":{"line":16,"column":37}},"13":{"start":{"line":18,"column":0},"end":{"line":18,"column":20}},"14":{"start":{"line":24,"column":0},"end":{"line":24,"column":21}}},"fnMap":{},"branchMap":{"0":{"loc":{"start":{"line":15,"column":13},"end":{"line":15,"column":37}},"type":"binary-expr","locations":[{"start":{"line":15,"column":13},"end":{"line":15,"column":29}},{"start":{"line":15,"column":33},"end":{"line":15,"column":37}}],"line":15}},"s":{"0":1,"1":1,"2":1,"3":1,"4":1,"5":1,"6":1,"7":1,"8":1,"9":1,"10":1,"11":1,"12":1,"13":1,"14":1},"f":{},"b":{"0":[1,1]},"_coverageSchema":"1a1c01bbd47fc00a2c39e90264f33305004495a9","hash":"e5f95c5d608b0f0dfd34ebae64a0d141f6135946"}
,"D:\\Hacktiv8\\Materi\\Phase 2\\Group Project\\Ngobrol\\server\\socket.js": {"path":"D:\\Hacktiv8\\Materi\\Phase 2\\Group Project\\Ngobrol\\server\\socket.js","statementMap":{"0":{"start":{"line":47,"column":19},"end":{"line":47,"column":39}},"1":{"start":{"line":48,"column":23},"end":{"line":48,"column":62}},"2":{"start":{"line":49,"column":26},"end":{"line":49,"column":68}},"3":{"start":{"line":52,"column":13},"end":{"line":56,"column":4}},"4":{"start":{"line":58,"column":20},"end":{"line":58,"column":22}},"5":{"start":{"line":60,"column":2},"end":{"line":173,"column":5}},"6":{"start":{"line":61,"column":4},"end":{"line":61,"column":46}},"7":{"start":{"line":63,"column":4},"end":{"line":72,"column":7}},"8":{"start":{"line":64,"column":6},"end":{"line":69,"column":7}},"9":{"start":{"line":64,"column":38},"end":{"line":64,"column":60}},"10":{"start":{"line":65,"column":8},"end":{"line":68,"column":11}},"11":{"start":{"line":70,"column":6},"end":{"line":70,"column":51}},"12":{"start":{"line":71,"column":6},"end":{"line":71,"column":39}},"13":{"start":{"line":74,"column":4},"end":{"line":122,"column":7}},"14":{"start":{"line":75,"column":6},"end":{"line":121,"column":7}},"15":{"start":{"line":76,"column":8},"end":{"line":76,"column":59}},"16":{"start":{"line":78,"column":31},"end":{"line":84,"column":9}},"17":{"start":{"line":86,"column":32},"end":{"line":95,"column":9}},"18":{"start":{"line":88,"column":12},"end":{"line":88,"column":35}},"19":{"start":{"line":89,"column":12},"end":{"line":89,"column":24}},"20":{"start":{"line":92,"column":12},"end":{"line":92,"column":29}},"21":{"start":{"line":93,"column":12},"end":{"line":93,"column":24}},"22":{"start":{"line":97,"column":8},"end":{"line":105,"column":10}},"23":{"start":{"line":101,"column":12},"end":{"line":103,"column":13}},"24":{"start":{"line":102,"column":14},"end":{"line":102,"column":62}},"25":{"start":{"line":107,"column":8},"end":{"line":118,"column":9}},"26":{"start":{"line":108,"column":10},"end":{"line":108,"column":51}},"27":{"start":{"line":109,"column":10},"end":{"line":109,"column":58}},"28":{"start":{"line":111,"column":23},"end":{"line":113,"column":11}},"29":{"start":{"line":112,"column":22},"end":{"line":112,"column":54}},"30":{"start":{"line":114,"column":10},"end":{"line":117,"column":11}},"31":{"start":{"line":115,"column":12},"end":{"line":115,"column":62}},"32":{"start":{"line":116,"column":12},"end":{"line":116,"column":58}},"33":{"start":{"line":120,"column":8},"end":{"line":120,"column":62}},"34":{"start":{"line":124,"column":4},"end":{"line":165,"column":7}},"35":{"start":{"line":125,"column":6},"end":{"line":164,"column":7}},"36":{"start":{"line":126,"column":28},"end":{"line":131,"column":9}},"37":{"start":{"line":133,"column":29},"end":{"line":142,"column":9}},"38":{"start":{"line":135,"column":12},"end":{"line":135,"column":35}},"39":{"start":{"line":136,"column":12},"end":{"line":136,"column":24}},"40":{"start":{"line":139,"column":12},"end":{"line":139,"column":29}},"41":{"start":{"line":140,"column":12},"end":{"line":140,"column":24}},"42":{"start":{"line":144,"column":8},"end":{"line":149,"column":11}},"43":{"start":{"line":145,"column":10},"end":{"line":148,"column":11}},"44":{"start":{"line":146,"column":12},"end":{"line":146,"column":57}},"45":{"start":{"line":147,"column":12},"end":{"line":147,"column":75}},"46":{"start":{"line":151,"column":8},"end":{"line":160,"column":9}},"47":{"start":{"line":152,"column":10},"end":{"line":152,"column":56}},"48":{"start":{"line":154,"column":27},"end":{"line":156,"column":11}},"49":{"start":{"line":155,"column":22},"end":{"line":155,"column":53}},"50":{"start":{"line":157,"column":10},"end":{"line":159,"column":11}},"51":{"start":{"line":158,"column":12},"end":{"line":158,"column":72}},"52":{"start":{"line":162,"column":8},"end":{"line":162,"column":61}},"53":{"start":{"line":163,"column":8},"end":{"line":163,"column":71}},"54":{"start":{"line":167,"column":4},"end":{"line":172,"column":7}},"55":{"start":{"line":168,"column":6},"end":{"line":168,"column":51}},"56":{"start":{"line":169,"column":6},"end":{"line":169,"column":78}},"57":{"start":{"line":169,"column":49},"end":{"line":169,"column":76}},"58":{"start":{"line":170,"column":6},"end":{"line":170,"column":56}},"59":{"start":{"line":171,"column":6},"end":{"line":171,"column":39}},"60":{"start":{"line":176,"column":0},"end":{"line":176,"column":29}}},"fnMap":{"0":{"name":"setupSocket","decl":{"start":{"line":51,"column":9},"end":{"line":51,"column":20}},"loc":{"start":{"line":51,"column":29},"end":{"line":174,"column":1}},"line":51},"1":{"name":"(anonymous_1)","decl":{"start":{"line":60,"column":22},"end":{"line":60,"column":23}},"loc":{"start":{"line":60,"column":34},"end":{"line":173,"column":3}},"line":60},"2":{"name":"(anonymous_2)","decl":{"start":{"line":63,"column":28},"end":{"line":63,"column":29}},"loc":{"start":{"line":63,"column":40},"end":{"line":72,"column":5}},"line":63},"3":{"name":"(anonymous_3)","decl":{"start":{"line":64,"column":28},"end":{"line":64,"column":29}},"loc":{"start":{"line":64,"column":38},"end":{"line":64,"column":60}},"line":64},"4":{"name":"(anonymous_4)","decl":{"start":{"line":74,"column":29},"end":{"line":74,"column":30}},"loc":{"start":{"line":74,"column":45},"end":{"line":122,"column":5}},"line":74},"5":{"name":"(anonymous_5)","decl":{"start":{"line":87,"column":18},"end":{"line":87,"column":19}},"loc":{"start":{"line":87,"column":34},"end":{"line":90,"column":11}},"line":87},"6":{"name":"(anonymous_6)","decl":{"start":{"line":91,"column":16},"end":{"line":91,"column":17}},"loc":{"start":{"line":91,"column":32},"end":{"line":94,"column":11}},"line":91},"7":{"name":"(anonymous_7)","decl":{"start":{"line":100,"column":10},"end":{"line":100,"column":11}},"loc":{"start":{"line":100,"column":21},"end":{"line":104,"column":11}},"line":100},"8":{"name":"(anonymous_8)","decl":{"start":{"line":112,"column":12},"end":{"line":112,"column":13}},"loc":{"start":{"line":112,"column":22},"end":{"line":112,"column":54}},"line":112},"9":{"name":"(anonymous_9)","decl":{"start":{"line":124,"column":28},"end":{"line":124,"column":29}},"loc":{"start":{"line":124,"column":44},"end":{"line":165,"column":5}},"line":124},"10":{"name":"(anonymous_10)","decl":{"start":{"line":134,"column":18},"end":{"line":134,"column":19}},"loc":{"start":{"line":134,"column":34},"end":{"line":137,"column":11}},"line":134},"11":{"name":"(anonymous_11)","decl":{"start":{"line":138,"column":16},"end":{"line":138,"column":17}},"loc":{"start":{"line":138,"column":32},"end":{"line":141,"column":11}},"line":138},"12":{"name":"(anonymous_12)","decl":{"start":{"line":144,"column":67},"end":{"line":144,"column":68}},"loc":{"start":{"line":144,"column":78},"end":{"line":149,"column":9}},"line":144},"13":{"name":"(anonymous_13)","decl":{"start":{"line":155,"column":12},"end":{"line":155,"column":13}},"loc":{"start":{"line":155,"column":22},"end":{"line":155,"column":53}},"line":155},"14":{"name":"(anonymous_14)","decl":{"start":{"line":167,"column":28},"end":{"line":167,"column":29}},"loc":{"start":{"line":167,"column":34},"end":{"line":172,"column":5}},"line":167},"15":{"name":"(anonymous_15)","decl":{"start":{"line":169,"column":39},"end":{"line":169,"column":40}},"loc":{"start":{"line":169,"column":49},"end":{"line":169,"column":76}},"line":169}},"branchMap":{"0":{"loc":{"start":{"line":64,"column":6},"end":{"line":69,"column":7}},"type":"if","locations":[{"start":{"line":64,"column":6},"end":{"line":69,"column":7}},{"start":{},"end":{}}],"line":64},"1":{"loc":{"start":{"line":101,"column":12},"end":{"line":103,"column":13}},"type":"if","locations":[{"start":{"line":101,"column":12},"end":{"line":103,"column":13}},{"start":{},"end":{}}],"line":101},"2":{"loc":{"start":{"line":107,"column":8},"end":{"line":118,"column":9}},"type":"if","locations":[{"start":{"line":107,"column":8},"end":{"line":118,"column":9}},{"start":{},"end":{}}],"line":107},"3":{"loc":{"start":{"line":107,"column":12},"end":{"line":107,"column":70}},"type":"binary-expr","locations":[{"start":{"line":107,"column":12},"end":{"line":107,"column":46}},{"start":{"line":107,"column":50},"end":{"line":107,"column":70}}],"line":107},"4":{"loc":{"start":{"line":114,"column":10},"end":{"line":117,"column":11}},"type":"if","locations":[{"start":{"line":114,"column":10},"end":{"line":117,"column":11}},{"start":{},"end":{}}],"line":114},"5":{"loc":{"start":{"line":145,"column":10},"end":{"line":148,"column":11}},"type":"if","locations":[{"start":{"line":145,"column":10},"end":{"line":148,"column":11}},{"start":{},"end":{}}],"line":145},"6":{"loc":{"start":{"line":151,"column":8},"end":{"line":160,"column":9}},"type":"if","locations":[{"start":{"line":151,"column":8},"end":{"line":160,"column":9}},{"start":{},"end":{}}],"line":151},"7":{"loc":{"start":{"line":151,"column":12},"end":{"line":151,"column":64}},"type":"binary-expr","locations":[{"start":{"line":151,"column":12},"end":{"line":151,"column":43}},{"start":{"line":151,"column":47},"end":{"line":151,"column":64}}],"line":151},"8":{"loc":{"start":{"line":157,"column":10},"end":{"line":159,"column":11}},"type":"if","locations":[{"start":{"line":157,"column":10},"end":{"line":159,"column":11}},{"start":{},"end":{}}],"line":157}},"s":{"0":2,"1":2,"2":2,"3":2,"4":2,"5":2,"6":2,"7":2,"8":2,"9":1,"10":1,"11":2,"12":2,"13":2,"14":1,"15":1,"16":1,"17":1,"18":1,"19":1,"20":1,"21":1,"22":1,"23":0,"24":0,"25":1,"26":1,"27":1,"28":1,"29":1,"30":1,"31":0,"32":0,"33":0,"34":2,"35":1,"36":1,"37":1,"38":1,"39":1,"40":1,"41":1,"42":1,"43":0,"44":0,"45":0,"46":1,"47":1,"48":1,"49":1,"50":1,"51":0,"52":0,"53":0,"54":2,"55":1,"56":1,"57":1,"58":1,"59":1,"60":2},"f":{"0":2,"1":2,"2":2,"3":1,"4":1,"5":1,"6":1,"7":0,"8":1,"9":1,"10":1,"11":1,"12":0,"13":1,"14":1,"15":1},"b":{"0":[1,1],"1":[0,0],"2":[1,0],"3":[1,1],"4":[0,1],"5":[0,0],"6":[1,0],"7":[1,1],"8":[0,1]},"_coverageSchema":"1a1c01bbd47fc00a2c39e90264f33305004495a9","hash":"a75ea0288dc24cfbe43942439a251271eb3158d2"}
,"D:\\Hacktiv8\\Materi\\Phase 2\\Group Project\\Ngobrol\\server\\Controllers\\UserController.js": {"path":"D:\\Hacktiv8\\Materi\\Phase 2\\Group Project\\Ngobrol\\server\\Controllers\\UserController.js","statementMap":{"0":{"start":{"line":1,"column":17},"end":{"line":1,"column":37}},"1":{"start":{"line":2,"column":22},"end":{"line":2,"column":47}},"2":{"start":{"line":3,"column":28},"end":{"line":3,"column":56}},"3":{"start":{"line":7,"column":38},"end":{"line":7,"column":46}},"4":{"start":{"line":8,"column":4},"end":{"line":23,"column":5}},"5":{"start":{"line":9,"column":22},"end":{"line":13,"column":8}},"6":{"start":{"line":15,"column":21},"end":{"line":19,"column":7}},"7":{"start":{"line":20,"column":6},"end":{"line":20,"column":35}},"8":{"start":{"line":22,"column":6},"end":{"line":22,"column":18}},"9":{"start":{"line":27,"column":4},"end":{"line":70,"column":5}},"10":{"start":{"line":28,"column":34},"end":{"line":28,"column":42}},"11":{"start":{"line":30,"column":6},"end":{"line":35,"column":7}},"12":{"start":{"line":31,"column":8},"end":{"line":34,"column":11}},"13":{"start":{"line":37,"column":6},"end":{"line":42,"column":7}},"14":{"start":{"line":38,"column":8},"end":{"line":41,"column":11}},"15":{"start":{"line":44,"column":19},"end":{"line":44,"column":59}},"16":{"start":{"line":46,"column":6},"end":{"line":51,"column":7}},"17":{"start":{"line":47,"column":8},"end":{"line":50,"column":11}},"18":{"start":{"line":53,"column":30},"end":{"line":53,"column":70}},"19":{"start":{"line":54,"column":6},"end":{"line":59,"column":7}},"20":{"start":{"line":55,"column":8},"end":{"line":58,"column":11}},"21":{"start":{"line":61,"column":27},"end":{"line":61,"column":53}},"22":{"start":{"line":62,"column":6},"end":{"line":67,"column":9}},"23":{"start":{"line":69,"column":6},"end":{"line":69,"column":18}},"24":{"start":{"line":74,"column":19},"end":{"line":74,"column":36}},"25":{"start":{"line":75,"column":4},"end":{"line":97,"column":5}},"26":{"start":{"line":83,"column":19},"end":{"line":85,"column":8}},"27":{"start":{"line":87,"column":6},"end":{"line":92,"column":7}},"28":{"start":{"line":88,"column":8},"end":{"line":91,"column":11}},"29":{"start":{"line":94,"column":6},"end":{"line":94,"column":21}},"30":{"start":{"line":96,"column":6},"end":{"line":96,"column":18}},"31":{"start":{"line":101,"column":4},"end":{"line":109,"column":5}},"32":{"start":{"line":102,"column":20},"end":{"line":104,"column":8}},"33":{"start":{"line":106,"column":6},"end":{"line":106,"column":22}},"34":{"start":{"line":108,"column":6},"end":{"line":108,"column":18}},"35":{"start":{"line":113,"column":0},"end":{"line":113,"column":32}}},"fnMap":{"0":{"name":"(anonymous_0)","decl":{"start":{"line":6,"column":2},"end":{"line":6,"column":3}},"loc":{"start":{"line":6,"column":44},"end":{"line":24,"column":3}},"line":6},"1":{"name":"(anonymous_1)","decl":{"start":{"line":26,"column":2},"end":{"line":26,"column":3}},"loc":{"start":{"line":26,"column":41},"end":{"line":71,"column":3}},"line":26},"2":{"name":"(anonymous_2)","decl":{"start":{"line":73,"column":2},"end":{"line":73,"column":3}},"loc":{"start":{"line":73,"column":40},"end":{"line":98,"column":3}},"line":73},"3":{"name":"(anonymous_3)","decl":{"start":{"line":100,"column":2},"end":{"line":100,"column":3}},"loc":{"start":{"line":100,"column":40},"end":{"line":110,"column":3}},"line":100}},"branchMap":{"0":{"loc":{"start":{"line":30,"column":6},"end":{"line":35,"column":7}},"type":"if","locations":[{"start":{"line":30,"column":6},"end":{"line":35,"column":7}},{"start":{},"end":{}}],"line":30},"1":{"loc":{"start":{"line":37,"column":6},"end":{"line":42,"column":7}},"type":"if","locations":[{"start":{"line":37,"column":6},"end":{"line":42,"column":7}},{"start":{},"end":{}}],"line":37},"2":{"loc":{"start":{"line":46,"column":6},"end":{"line":51,"column":7}},"type":"if","locations":[{"start":{"line":46,"column":6},"end":{"line":51,"column":7}},{"start":{},"end":{}}],"line":46},"3":{"loc":{"start":{"line":54,"column":6},"end":{"line":59,"column":7}},"type":"if","locations":[{"start":{"line":54,"column":6},"end":{"line":59,"column":7}},{"start":{},"end":{}}],"line":54},"4":{"loc":{"start":{"line":87,"column":6},"end":{"line":92,"column":7}},"type":"if","locations":[{"start":{"line":87,"column":6},"end":{"line":92,"column":7}},{"start":{},"end":{}}],"line":87}},"s":{"0":1,"1":1,"2":1,"3":9,"4":9,"5":9,"6":1,"7":1,"8":8,"9":6,"10":6,"11":6,"12":2,"13":4,"14":1,"15":3,"16":3,"17":1,"18":2,"19":2,"20":1,"21":1,"22":1,"23":0,"24":2,"25":2,"26":2,"27":2,"28":1,"29":1,"30":0,"31":1,"32":1,"33":1,"34":0,"35":1},"f":{"0":9,"1":6,"2":2,"3":1},"b":{"0":[2,4],"1":[1,3],"2":[1,2],"3":[1,1],"4":[1,1]},"_coverageSchema":"1a1c01bbd47fc00a2c39e90264f33305004495a9","hash":"fc38c40832651b05147e79fb48fccf4acca9f1fa"}
,"D:\\Hacktiv8\\Materi\\Phase 2\\Group Project\\Ngobrol\\server\\Controllers\\chatController.js": {"path":"D:\\Hacktiv8\\Materi\\Phase 2\\Group Project\\Ngobrol\\server\\Controllers\\chatController.js","statementMap":{"0":{"start":{"line":1,"column":15},"end":{"line":1,"column":35}},"1":{"start":{"line":2,"column":23},"end":{"line":2,"column":43}},"2":{"start":{"line":6,"column":4},"end":{"line":47,"column":5}},"3":{"start":{"line":7,"column":39},"end":{"line":7,"column":47}},"4":{"start":{"line":8,"column":6},"end":{"line":13,"column":7}},"5":{"start":{"line":9,"column":8},"end":{"line":12,"column":11}},"6":{"start":{"line":15,"column":23},"end":{"line":15,"column":54}},"7":{"start":{"line":16,"column":6},"end":{"line":21,"column":7}},"8":{"start":{"line":17,"column":8},"end":{"line":20,"column":11}},"9":{"start":{"line":23,"column":17},"end":{"line":29,"column":8}},"10":{"start":{"line":31,"column":6},"end":{"line":35,"column":7}},"11":{"start":{"line":32,"column":8},"end":{"line":34,"column":11}},"12":{"start":{"line":37,"column":20},"end":{"line":42,"column":8}},"13":{"start":{"line":44,"column":6},"end":{"line":44,"column":72}},"14":{"start":{"line":46,"column":6},"end":{"line":46,"column":18}},"15":{"start":{"line":51,"column":4},"end":{"line":89,"column":5}},"16":{"start":{"line":52,"column":25},"end":{"line":52,"column":35}},"17":{"start":{"line":54,"column":20},"end":{"line":58,"column":8}},"18":{"start":{"line":60,"column":27},"end":{"line":60,"column":36}},"19":{"start":{"line":61,"column":6},"end":{"line":63,"column":9}},"20":{"start":{"line":62,"column":8},"end":{"line":62,"column":59}},"21":{"start":{"line":62,"column":37},"end":{"line":62,"column":57}},"22":{"start":{"line":64,"column":30},"end":{"line":64,"column":54}},"23":{"start":{"line":66,"column":20},"end":{"line":71,"column":8}},"24":{"start":{"line":73,"column":22},"end":{"line":73,"column":24}},"25":{"start":{"line":74,"column":6},"end":{"line":76,"column":9}},"26":{"start":{"line":75,"column":8},"end":{"line":75,"column":32}},"27":{"start":{"line":78,"column":31},"end":{"line":84,"column":8}},"28":{"start":{"line":79,"column":25},"end":{"line":79,"column":38}},"29":{"start":{"line":80,"column":8},"end":{"line":82,"column":10}},"30":{"start":{"line":81,"column":24},"end":{"line":81,"column":41}},"31":{"start":{"line":83,"column":8},"end":{"line":83,"column":24}},"32":{"start":{"line":86,"column":6},"end":{"line":86,"column":52}},"33":{"start":{"line":88,"column":6},"end":{"line":88,"column":18}},"34":{"start":{"line":93,"column":34},"end":{"line":93,"column":44}},"35":{"start":{"line":94,"column":4},"end":{"line":131,"column":5}},"36":{"start":{"line":95,"column":6},"end":{"line":100,"column":7}},"37":{"start":{"line":96,"column":8},"end":{"line":99,"column":11}},"38":{"start":{"line":102,"column":19},"end":{"line":108,"column":8}},"39":{"start":{"line":110,"column":6},"end":{"line":115,"column":7}},"40":{"start":{"line":111,"column":8},"end":{"line":114,"column":11}},"41":{"start":{"line":117,"column":23},"end":{"line":117,"column":36}},"42":{"start":{"line":119,"column":20},"end":{"line":124,"column":8}},"43":{"start":{"line":126,"column":6},"end":{"line":126,"column":38}},"44":{"start":{"line":128,"column":6},"end":{"line":128,"column":37}},"45":{"start":{"line":130,"column":6},"end":{"line":130,"column":18}},"46":{"start":{"line":135,"column":0},"end":{"line":135,"column":32}}},"fnMap":{"0":{"name":"(anonymous_0)","decl":{"start":{"line":5,"column":2},"end":{"line":5,"column":3}},"loc":{"start":{"line":5,"column":42},"end":{"line":48,"column":3}},"line":5},"1":{"name":"(anonymous_1)","decl":{"start":{"line":50,"column":2},"end":{"line":50,"column":3}},"loc":{"start":{"line":50,"column":41},"end":{"line":90,"column":3}},"line":50},"2":{"name":"(anonymous_2)","decl":{"start":{"line":61,"column":20},"end":{"line":61,"column":21}},"loc":{"start":{"line":61,"column":30},"end":{"line":63,"column":7}},"line":61},"3":{"name":"(anonymous_3)","decl":{"start":{"line":62,"column":29},"end":{"line":62,"column":30}},"loc":{"start":{"line":62,"column":37},"end":{"line":62,"column":57}},"line":62},"4":{"name":"(anonymous_4)","decl":{"start":{"line":74,"column":20},"end":{"line":74,"column":21}},"loc":{"start":{"line":74,"column":30},"end":{"line":76,"column":7}},"line":74},"5":{"name":"(anonymous_5)","decl":{"start":{"line":78,"column":41},"end":{"line":78,"column":42}},"loc":{"start":{"line":78,"column":51},"end":{"line":84,"column":7}},"line":78},"6":{"name":"(anonymous_6)","decl":{"start":{"line":81,"column":10},"end":{"line":81,"column":11}},"loc":{"start":{"line":81,"column":24},"end":{"line":81,"column":41}},"line":81},"7":{"name":"(anonymous_7)","decl":{"start":{"line":92,"column":2},"end":{"line":92,"column":3}},"loc":{"start":{"line":92,"column":40},"end":{"line":132,"column":3}},"line":92}},"branchMap":{"0":{"loc":{"start":{"line":8,"column":6},"end":{"line":13,"column":7}},"type":"if","locations":[{"start":{"line":8,"column":6},"end":{"line":13,"column":7}},{"start":{},"end":{}}],"line":8},"1":{"loc":{"start":{"line":8,"column":10},"end":{"line":8,"column":34}},"type":"binary-expr","locations":[{"start":{"line":8,"column":10},"end":{"line":8,"column":19}},{"start":{"line":8,"column":23},"end":{"line":8,"column":34}}],"line":8},"2":{"loc":{"start":{"line":16,"column":6},"end":{"line":21,"column":7}},"type":"if","locations":[{"start":{"line":16,"column":6},"end":{"line":21,"column":7}},{"start":{},"end":{}}],"line":16},"3":{"loc":{"start":{"line":31,"column":6},"end":{"line":35,"column":7}},"type":"if","locations":[{"start":{"line":31,"column":6},"end":{"line":35,"column":7}},{"start":{},"end":{}}],"line":31},"4":{"loc":{"start":{"line":95,"column":6},"end":{"line":100,"column":7}},"type":"if","locations":[{"start":{"line":95,"column":6},"end":{"line":100,"column":7}},{"start":{},"end":{}}],"line":95},"5":{"loc":{"start":{"line":95,"column":10},"end":{"line":95,"column":31}},"type":"binary-expr","locations":[{"start":{"line":95,"column":10},"end":{"line":95,"column":18}},{"start":{"line":95,"column":22},"end":{"line":95,"column":31}}],"line":95},"6":{"loc":{"start":{"line":110,"column":6},"end":{"line":115,"column":7}},"type":"if","locations":[{"start":{"line":110,"column":6},"end":{"line":115,"column":7}},{"start":{},"end":{}}],"line":110}},"s":{"0":2,"1":2,"2":4,"3":4,"4":4,"5":1,"6":3,"7":3,"8":1,"9":2,"10":2,"11":2,"12":2,"13":2,"14":0,"15":2,"16":2,"17":2,"18":2,"19":2,"20":1,"21":2,"22":2,"23":2,"24":2,"25":2,"26":2,"27":2,"28":1,"29":1,"30":2,"31":1,"32":2,"33":0,"34":2,"35":2,"36":2,"37":0,"38":2,"39":2,"40":1,"41":1,"42":1,"43":1,"44":1,"45":0,"46":2},"f":{"0":4,"1":2,"2":1,"3":2,"4":2,"5":1,"6":2,"7":2},"b":{"0":[1,3],"1":[4,4],"2":[1,2],"3":[2,0],"4":[0,2],"5":[2,2],"6":[1,1]},"_coverageSchema":"1a1c01bbd47fc00a2c39e90264f33305004495a9","hash":"c3ff2520eb74a82b8c3868f5d044216e3c018cc5"}
,"D:\\Hacktiv8\\Materi\\Phase 2\\Group Project\\Ngobrol\\server\\Controllers\\messageController.js": {"path":"D:\\Hacktiv8\\Materi\\Phase 2\\Group Project\\Ngobrol\\server\\Controllers\\messageController.js","statementMap":{"0":{"start":{"line":1,"column":26},"end":{"line":1,"column":46}},"1":{"start":{"line":5,"column":39},"end":{"line":5,"column":47}},"2":{"start":{"line":6,"column":4},"end":{"line":34,"column":5}},"3":{"start":{"line":7,"column":6},"end":{"line":12,"column":7}},"4":{"start":{"line":8,"column":8},"end":{"line":11,"column":11}},"5":{"start":{"line":14,"column":19},"end":{"line":14,"column":46}},"6":{"start":{"line":15,"column":6},"end":{"line":20,"column":7}},"7":{"start":{"line":16,"column":8},"end":{"line":19,"column":11}},"8":{"start":{"line":22,"column":6},"end":{"line":27,"column":7}},"9":{"start":{"line":23,"column":8},"end":{"line":26,"column":11}},"10":{"start":{"line":29,"column":22},"end":{"line":29,"column":70}},"11":{"start":{"line":31,"column":6},"end":{"line":31,"column":43}},"12":{"start":{"line":33,"column":6},"end":{"line":33,"column":18}},"13":{"start":{"line":38,"column":23},"end":{"line":38,"column":33}},"14":{"start":{"line":39,"column":4},"end":{"line":56,"column":5}},"15":{"start":{"line":40,"column":19},"end":{"line":40,"column":46}},"16":{"start":{"line":41,"column":6},"end":{"line":46,"column":7}},"17":{"start":{"line":42,"column":8},"end":{"line":45,"column":11}},"18":{"start":{"line":48,"column":23},"end":{"line":51,"column":8}},"19":{"start":{"line":53,"column":6},"end":{"line":53,"column":44}},"20":{"start":{"line":55,"column":6},"end":{"line":55,"column":18}},"21":{"start":{"line":60,"column":0},"end":{"line":60,"column":35}}},"fnMap":{"0":{"name":"(anonymous_0)","decl":{"start":{"line":4,"column":2},"end":{"line":4,"column":3}},"loc":{"start":{"line":4,"column":45},"end":{"line":35,"column":3}},"line":4},"1":{"name":"(anonymous_1)","decl":{"start":{"line":37,"column":2},"end":{"line":37,"column":3}},"loc":{"start":{"line":37,"column":43},"end":{"line":57,"column":3}},"line":37}},"branchMap":{"0":{"loc":{"start":{"line":7,"column":6},"end":{"line":12,"column":7}},"type":"if","locations":[{"start":{"line":7,"column":6},"end":{"line":12,"column":7}},{"start":{},"end":{}}],"line":7},"1":{"loc":{"start":{"line":7,"column":10},"end":{"line":7,"column":39}},"type":"binary-expr","locations":[{"start":{"line":7,"column":10},"end":{"line":7,"column":17}},{"start":{"line":7,"column":21},"end":{"line":7,"column":30}},{"start":{"line":7,"column":34},"end":{"line":7,"column":39}}],"line":7},"2":{"loc":{"start":{"line":15,"column":6},"end":{"line":20,"column":7}},"type":"if","locations":[{"start":{"line":15,"column":6},"end":{"line":20,"column":7}},{"start":{},"end":{}}],"line":15},"3":{"loc":{"start":{"line":22,"column":6},"end":{"line":27,"column":7}},"type":"if","locations":[{"start":{"line":22,"column":6},"end":{"line":27,"column":7}},{"start":{},"end":{}}],"line":22},"4":{"loc":{"start":{"line":41,"column":6},"end":{"line":46,"column":7}},"type":"if","locations":[{"start":{"line":41,"column":6},"end":{"line":46,"column":7}},{"start":{},"end":{}}],"line":41}},"s":{"0":2,"1":4,"2":4,"3":4,"4":1,"5":3,"6":3,"7":1,"8":2,"9":1,"10":1,"11":1,"12":0,"13":2,"14":2,"15":2,"16":2,"17":1,"18":1,"19":1,"20":0,"21":2},"f":{"0":4,"1":2},"b":{"0":[1,3],"1":[4,3,3],"2":[1,2],"3":[1,1],"4":[1,1]},"_coverageSchema":"1a1c01bbd47fc00a2c39e90264f33305004495a9","hash":"5b43851243c0c634f111a13df9ce7ab239e9d156"}
,"D:\\Hacktiv8\\Materi\\Phase 2\\Group Project\\Ngobrol\\server\\helpers\\bcrypt.js": {"path":"D:\\Hacktiv8\\Materi\\Phase 2\\Group Project\\Ngobrol\\server\\helpers\\bcrypt.js","statementMap":{"0":{"start":{"line":1,"column":15},"end":{"line":1,"column":34}},"1":{"start":{"line":3,"column":21},"end":{"line":7,"column":1}},"2":{"start":{"line":4,"column":15},"end":{"line":4,"column":37}},"3":{"start":{"line":5,"column":15},"end":{"line":5,"column":46}},"4":{"start":{"line":6,"column":2},"end":{"line":6,"column":14}},"5":{"start":{"line":9,"column":24},"end":{"line":11,"column":1}},"6":{"start":{"line":10,"column":2},"end":{"line":10,"column":44}},"7":{"start":{"line":13,"column":0},"end":{"line":13,"column":51}}},"fnMap":{"0":{"name":"(anonymous_0)","decl":{"start":{"line":3,"column":21},"end":{"line":3,"column":22}},"loc":{"start":{"line":3,"column":35},"end":{"line":7,"column":1}},"line":3},"1":{"name":"(anonymous_1)","decl":{"start":{"line":9,"column":24},"end":{"line":9,"column":25}},"loc":{"start":{"line":9,"column":44},"end":{"line":11,"column":1}},"line":9}},"branchMap":{},"s":{"0":3,"1":3,"2":6,"3":6,"4":6,"5":3,"6":2,"7":3},"f":{"0":6,"1":2},"b":{},"_coverageSchema":"1a1c01bbd47fc00a2c39e90264f33305004495a9","hash":"57c6c28ded56972fb99501288aa1cf308f40e637"}
,"D:\\Hacktiv8\\Materi\\Phase 2\\Group Project\\Ngobrol\\server\\helpers\\jwt.js": {"path":"D:\\Hacktiv8\\Materi\\Phase 2\\Group Project\\Ngobrol\\server\\helpers\\jwt.js","statementMap":{"0":{"start":{"line":1,"column":0},"end":{"line":1,"column":27}},"1":{"start":{"line":2,"column":12},"end":{"line":2,"column":35}},"2":{"start":{"line":4,"column":15},"end":{"line":4,"column":41}},"3":{"start":{"line":6,"column":0},"end":{"line":16,"column":2}},"4":{"start":{"line":7,"column":23},"end":{"line":7,"column":45}},"5":{"start":{"line":10,"column":4},"end":{"line":14,"column":5}},"6":{"start":{"line":11,"column":6},"end":{"line":11,"column":39}},"7":{"start":{"line":13,"column":6},"end":{"line":13,"column":79}}},"fnMap":{"0":{"name":"(anonymous_0)","decl":{"start":{"line":7,"column":13},"end":{"line":7,"column":14}},"loc":{"start":{"line":7,"column":23},"end":{"line":7,"column":45}},"line":7},"1":{"name":"(anonymous_1)","decl":{"start":{"line":9,"column":15},"end":{"line":9,"column":16}},"loc":{"start":{"line":9,"column":26},"end":{"line":15,"column":3}},"line":9}},"branchMap":{},"s":{"0":1,"1":1,"2":1,"3":1,"4":3,"5":21,"6":21,"7":4},"f":{"0":3,"1":21},"b":{},"_coverageSchema":"1a1c01bbd47fc00a2c39e90264f33305004495a9","hash":"5d909ef5ae888dd30d0b1f288b6563ab989ddd6a"}
,"D:\\Hacktiv8\\Materi\\Phase 2\\Group Project\\Ngobrol\\server\\middlewares\\authentication.js": {"path":"D:\\Hacktiv8\\Materi\\Phase 2\\Group Project\\Ngobrol\\server\\middlewares\\authentication.js","statementMap":{"0":{"start":{"line":1,"column":24},"end":{"line":1,"column":49}},"1":{"start":{"line":2,"column":17},"end":{"line":2,"column":37}},"2":{"start":{"line":5,"column":2},"end":{"line":48,"column":3}},"3":{"start":{"line":6,"column":24},"end":{"line":6,"column":49}},"4":{"start":{"line":7,"column":4},"end":{"line":12,"column":5}},"5":{"start":{"line":8,"column":6},"end":{"line":11,"column":9}},"6":{"start":{"line":14,"column":24},"end":{"line":14,"column":49}},"7":{"start":{"line":15,"column":4},"end":{"line":20,"column":5}},"8":{"start":{"line":16,"column":6},"end":{"line":19,"column":9}},"9":{"start":{"line":23,"column":4},"end":{"line":30,"column":5}},"10":{"start":{"line":24,"column":6},"end":{"line":24,"column":38}},"11":{"start":{"line":26,"column":6},"end":{"line":29,"column":9}},"12":{"start":{"line":32,"column":17},"end":{"line":32,"column":45}},"13":{"start":{"line":33,"column":4},"end":{"line":38,"column":5}},"14":{"start":{"line":34,"column":6},"end":{"line":37,"column":9}},"15":{"start":{"line":40,"column":4},"end":{"line":40,"column":20}},"16":{"start":{"line":42,"column":4},"end":{"line":42,"column":11}},"17":{"start":{"line":44,"column":4},"end":{"line":47,"column":7}},"18":{"start":{"line":51,"column":0},"end":{"line":51,"column":32}}},"fnMap":{"0":{"name":"authentication","decl":{"start":{"line":4,"column":15},"end":{"line":4,"column":29}},"loc":{"start":{"line":4,"column":46},"end":{"line":49,"column":1}},"line":4}},"branchMap":{"0":{"loc":{"start":{"line":7,"column":4},"end":{"line":12,"column":5}},"type":"if","locations":[{"start":{"line":7,"column":4},"end":{"line":12,"column":5}},{"start":{},"end":{}}],"line":7},"1":{"loc":{"start":{"line":15,"column":4},"end":{"line":20,"column":5}},"type":"if","locations":[{"start":{"line":15,"column":4},"end":{"line":20,"column":5}},{"start":{},"end":{}}],"line":15},"2":{"loc":{"start":{"line":33,"column":4},"end":{"line":38,"column":5}},"type":"if","locations":[{"start":{"line":33,"column":4},"end":{"line":38,"column":5}},{"start":{},"end":{}}],"line":33},"3":{"loc":{"start":{"line":45,"column":12},"end":{"line":45,"column":47}},"type":"binary-expr","locations":[{"start":{"line":45,"column":12},"end":{"line":45,"column":22}},{"start":{"line":45,"column":26},"end":{"line":45,"column":47}}],"line":45},"4":{"loc":{"start":{"line":46,"column":15},"end":{"line":46,"column":62}},"type":"binary-expr","locations":[{"start":{"line":46,"column":15},"end":{"line":46,"column":28}},{"start":{"line":46,"column":32},"end":{"line":46,"column":62}}],"line":46}},"s":{"0":1,"1":1,"2":27,"3":27,"4":27,"5":6,"6":21,"7":21,"8":0,"9":21,"10":21,"11":4,"12":17,"13":17,"14":0,"15":17,"16":17,"17":0,"18":1},"f":{"0":27},"b":{"0":[6,21],"1":[0,21],"2":[0,17],"3":[0,0],"4":[0,0]},"_coverageSchema":"1a1c01bbd47fc00a2c39e90264f33305004495a9","hash":"5d35214bb19c9eb9cb815900e4c56fdda1471313"}
,"D:\\Hacktiv8\\Materi\\Phase 2\\Group Project\\Ngobrol\\server\\middlewares\\errorHandler.js": {"path":"D:\\Hacktiv8\\Materi\\Phase 2\\Group Project\\Ngobrol\\server\\middlewares\\errorHandler.js","statementMap":{"0":{"start":{"line":2,"column":2},"end":{"line":2,"column":21}},"1":{"start":{"line":3,"column":19},"end":{"line":3,"column":38}},"2":{"start":{"line":4,"column":16},"end":{"line":4,"column":56}},"3":{"start":{"line":6,"column":2},"end":{"line":12,"column":3}},"4":{"start":{"line":10,"column":4},"end":{"line":10,"column":21}},"5":{"start":{"line":11,"column":4},"end":{"line":11,"column":38}},"6":{"start":{"line":14,"column":2},"end":{"line":17,"column":3}},"7":{"start":{"line":15,"column":4},"end":{"line":15,"column":21}},"8":{"start":{"line":16,"column":4},"end":{"line":16,"column":48}},"9":{"start":{"line":19,"column":2},"end":{"line":26,"column":3}},"10":{"start":{"line":24,"column":4},"end":{"line":24,"column":21}},"11":{"start":{"line":25,"column":4},"end":{"line":25,"column":58}},"12":{"start":{"line":28,"column":2},"end":{"line":31,"column":3}},"13":{"start":{"line":29,"column":4},"end":{"line":29,"column":21}},"14":{"start":{"line":30,"column":4},"end":{"line":30,"column":56}},"15":{"start":{"line":33,"column":2},"end":{"line":36,"column":3}},"16":{"start":{"line":34,"column":4},"end":{"line":34,"column":21}},"17":{"start":{"line":35,"column":4},"end":{"line":35,"column":52}},"18":{"start":{"line":38,"column":2},"end":{"line":41,"column":3}},"19":{"start":{"line":39,"column":4},"end":{"line":39,"column":21}},"20":{"start":{"line":40,"column":4},"end":{"line":40,"column":46}},"21":{"start":{"line":43,"column":2},"end":{"line":43,"column":43}},"22":{"start":{"line":46,"column":0},"end":{"line":46,"column":30}}},"fnMap":{"0":{"name":"errorHandler","decl":{"start":{"line":1,"column":9},"end":{"line":1,"column":21}},"loc":{"start":{"line":1,"column":45},"end":{"line":44,"column":1}},"line":1}},"branchMap":{"0":{"loc":{"start":{"line":3,"column":19},"end":{"line":3,"column":38}},"type":"binary-expr","locations":[{"start":{"line":3,"column":19},"end":{"line":3,"column":31}},{"start":{"line":3,"column":35},"end":{"line":3,"column":38}}],"line":3},"1":{"loc":{"start":{"line":4,"column":16},"end":{"line":4,"column":56}},"type":"binary-expr","locations":[{"start":{"line":4,"column":16},"end":{"line":4,"column":29}},{"start":{"line":4,"column":33},"end":{"line":4,"column":56}}],"line":4},"2":{"loc":{"start":{"line":6,"column":2},"end":{"line":12,"column":3}},"type":"if","locations":[{"start":{"line":6,"column":2},"end":{"line":12,"column":3}},{"start":{},"end":{}}],"line":6},"3":{"loc":{"start":{"line":7,"column":4},"end":{"line":8,"column":51}},"type":"binary-expr","locations":[{"start":{"line":7,"column":4},"end":{"line":7,"column":45}},{"start":{"line":8,"column":4},"end":{"line":8,"column":51}}],"line":7},"4":{"loc":{"start":{"line":14,"column":2},"end":{"line":17,"column":3}},"type":"if","locations":[{"start":{"line":14,"column":2},"end":{"line":17,"column":3}},{"start":{},"end":{}}],"line":14},"5":{"loc":{"start":{"line":16,"column":14},"end":{"line":16,"column":47}},"type":"binary-expr","locations":[{"start":{"line":16,"column":14},"end":{"line":16,"column":27}},{"start":{"line":16,"column":31},"end":{"line":16,"column":47}}],"line":16},"6":{"loc":{"start":{"line":19,"column":2},"end":{"line":26,"column":3}},"type":"if","locations":[{"start":{"line":19,"column":2},"end":{"line":26,"column":3}},{"start":{},"end":{}}],"line":19},"7":{"loc":{"start":{"line":20,"column":4},"end":{"line":22,"column":33}},"type":"binary-expr","locations":[{"start":{"line":20,"column":4},"end":{"line":20,"column":38}},{"start":{"line":21,"column":4},"end":{"line":21,"column":38}},{"start":{"line":22,"column":4},"end":{"line":22,"column":33}}],"line":20},"8":{"loc":{"start":{"line":25,"column":14},"end":{"line":25,"column":57}},"type":"binary-expr","locations":[{"start":{"line":25,"column":14},"end":{"line":25,"column":27}},{"start":{"line":25,"column":31},"end":{"line":25,"column":57}}],"line":25},"9":{"loc":{"start":{"line":28,"column":2},"end":{"line":31,"column":3}},"type":"if","locations":[{"start":{"line":28,"column":2},"end":{"line":31,"column":3}},{"start":{},"end":{}}],"line":28},"10":{"loc":{"start":{"line":30,"column":14},"end":{"line":30,"column":55}},"type":"binary-expr","locations":[{"start":{"line":30,"column":14},"end":{"line":30,"column":27}},{"start":{"line":30,"column":31},"end":{"line":30,"column":55}}],"line":30},"11":{"loc":{"start":{"line":33,"column":2},"end":{"line":36,"column":3}},"type":"if","locations":[{"start":{"line":33,"column":2},"end":{"line":36,"column":3}},{"start":{},"end":{}}],"line":33},"12":{"loc":{"start":{"line":35,"column":14},"end":{"line":35,"column":51}},"type":"binary-expr","locations":[{"start":{"line":35,"column":14},"end":{"line":35,"column":27}},{"start":{"line":35,"column":31},"end":{"line":35,"column":51}}],"line":35},"13":{"loc":{"start":{"line":38,"column":2},"end":{"line":41,"column":3}},"type":"if","locations":[{"start":{"line":38,"column":2},"end":{"line":41,"column":3}},{"start":{},"end":{}}],"line":38},"14":{"loc":{"start":{"line":40,"column":14},"end":{"line":40,"column":45}},"type":"binary-expr","locations":[{"start":{"line":40,"column":14},"end":{"line":40,"column":27}},{"start":{"line":40,"column":31},"end":{"line":40,"column":45}}],"line":40}},"s":{"0":31,"1":31,"2":31,"3":31,"4":8,"5":8,"6":31,"7":6,"8":6,"9":31,"10":12,"11":12,"12":31,"13":1,"14":1,"15":31,"16":4,"17":4,"18":31,"19":0,"20":0,"21":31,"22":1},"f":{"0":31},"b":{"0":[31,31],"1":[31,0],"2":[8,23],"3":[31,24],"4":[6,25],"5":[6,0],"6":[12,19],"7":[31,31,31],"8":[12,0],"9":[1,30],"10":[1,0],"11":[4,27],"12":[4,0],"13":[0,31],"14":[0,0]},"_coverageSchema":"1a1c01bbd47fc00a2c39e90264f33305004495a9","hash":"5371f9ead70f65a5952fb87e0df8b7201338aade"}
,"D:\\Hacktiv8\\Materi\\Phase 2\\Group Project\\Ngobrol\\server\\models\\chat.js": {"path":"D:\\Hacktiv8\\Materi\\Phase 2\\Group Project\\Ngobrol\\server\\models\\chat.js","statementMap":{"0":{"start":{"line":2,"column":18},"end":{"line":2,"column":38}},"1":{"start":{"line":3,"column":0},"end":{"line":54,"column":2}},"2":{"start":{"line":12,"column":6},"end":{"line":15,"column":9}},"3":{"start":{"line":18,"column":2},"end":{"line":52,"column":4}},"4":{"start":{"line":31,"column":27},"end":{"line":31,"column":55}},"5":{"start":{"line":32,"column":10},"end":{"line":36,"column":17}},"6":{"start":{"line":40,"column":12},"end":{"line":42,"column":13}},"7":{"start":{"line":41,"column":14},"end":{"line":41,"column":58}},"8":{"start":{"line":53,"column":2},"end":{"line":53,"column":14}}},"fnMap":{"0":{"name":"(anonymous_0)","decl":{"start":{"line":3,"column":17},"end":{"line":3,"column":18}},"loc":{"start":{"line":3,"column":43},"end":{"line":54,"column":1}},"line":3},"1":{"name":"(anonymous_1)","decl":{"start":{"line":10,"column":4},"end":{"line":10,"column":5}},"loc":{"start":{"line":10,"column":29},"end":{"line":16,"column":5}},"line":10},"2":{"name":"(anonymous_2)","decl":{"start":{"line":30,"column":8},"end":{"line":30,"column":9}},"loc":{"start":{"line":30,"column":14},"end":{"line":37,"column":9}},"line":30},"3":{"name":"(anonymous_3)","decl":{"start":{"line":39,"column":10},"end":{"line":39,"column":11}},"loc":{"start":{"line":39,"column":37},"end":{"line":43,"column":11}},"line":39}},"branchMap":{"0":{"loc":{"start":{"line":32,"column":17},"end":{"line":36,"column":16}},"type":"cond-expr","locations":[{"start":{"line":33,"column":14},"end":{"line":35,"column":36}},{"start":{"line":36,"column":14},"end":{"line":36,"column":16}}],"line":32},"1":{"loc":{"start":{"line":33,"column":14},"end":{"line":35,"column":36}},"type":"cond-expr","locations":[{"start":{"line":34,"column":16},"end":{"line":34,"column":24}},{"start":{"line":35,"column":16},"end":{"line":35,"column":36}}],"line":33},"2":{"loc":{"start":{"line":40,"column":12},"end":{"line":42,"column":13}},"type":"if","locations":[{"start":{"line":40,"column":12},"end":{"line":42,"column":13}},{"start":{},"end":{}}],"line":40}},"s":{"0":3,"1":3,"2":3,"3":3,"4":7,"5":7,"6":3,"7":0,"8":3},"f":{"0":3,"1":3,"2":7,"3":3},"b":{"0":[7,0],"1":[7,0],"2":[0,3]},"_coverageSchema":"1a1c01bbd47fc00a2c39e90264f33305004495a9","hash":"995d0495a88b603bbdbe1d85d1e7ee1575f8e42d"}
,"D:\\Hacktiv8\\Materi\\Phase 2\\Group Project\\Ngobrol\\server\\models\\index.js": {"path":"D:\\Hacktiv8\\Materi\\Phase 2\\Group Project\\Ngobrol\\server\\models\\index.js","statementMap":{"0":{"start":{"line":3,"column":11},"end":{"line":3,"column":24}},"1":{"start":{"line":4,"column":13},"end":{"line":4,"column":28}},"2":{"start":{"line":5,"column":18},"end":{"line":5,"column":38}},"3":{"start":{"line":6,"column":16},"end":{"line":6,"column":34}},"4":{"start":{"line":7,"column":17},"end":{"line":7,"column":42}},"5":{"start":{"line":8,"column":12},"end":{"line":8,"column":49}},"6":{"start":{"line":9,"column":15},"end":{"line":9,"column":65}},"7":{"start":{"line":10,"column":11},"end":{"line":10,"column":13}},"8":{"start":{"line":13,"column":0},"end":{"line":17,"column":1}},"9":{"start":{"line":14,"column":2},"end":{"line":14,"column":74}},"10":{"start":{"line":16,"column":2},"end":{"line":16,"column":87}},"11":{"start":{"line":19,"column":0},"end":{"line":32,"column":5}},"12":{"start":{"line":22,"column":4},"end":{"line":27,"column":6}},"13":{"start":{"line":30,"column":18},"end":{"line":30,"column":85}},"14":{"start":{"line":31,"column":4},"end":{"line":31,"column":27}},"15":{"start":{"line":34,"column":0},"end":{"line":38,"column":3}},"16":{"start":{"line":35,"column":2},"end":{"line":37,"column":3}},"17":{"start":{"line":36,"column":4},"end":{"line":36,"column":32}},"18":{"start":{"line":40,"column":0},"end":{"line":40,"column":25}},"19":{"start":{"line":41,"column":0},"end":{"line":41,"column":25}},"20":{"start":{"line":43,"column":0},"end":{"line":43,"column":20}}},"fnMap":{"0":{"name":"(anonymous_0)","decl":{"start":{"line":21,"column":10},"end":{"line":21,"column":11}},"loc":{"start":{"line":21,"column":18},"end":{"line":28,"column":3}},"line":21},"1":{"name":"(anonymous_1)","decl":{"start":{"line":29,"column":11},"end":{"line":29,"column":12}},"loc":{"start":{"line":29,"column":19},"end":{"line":32,"column":3}},"line":29},"2":{"name":"(anonymous_2)","decl":{"start":{"line":34,"column":24},"end":{"line":34,"column":25}},"loc":{"start":{"line":34,"column":37},"end":{"line":38,"column":1}},"line":34}},"branchMap":{"0":{"loc":{"start":{"line":8,"column":12},"end":{"line":8,"column":49}},"type":"binary-expr","locations":[{"start":{"line":8,"column":12},"end":{"line":8,"column":32}},{"start":{"line":8,"column":36},"end":{"line":8,"column":49}}],"line":8},"1":{"loc":{"start":{"line":13,"column":0},"end":{"line":17,"column":1}},"type":"if","locations":[{"start":{"line":13,"column":0},"end":{"line":17,"column":1}},{"start":{"line":15,"column":7},"end":{"line":17,"column":1}}],"line":13},"2":{"loc":{"start":{"line":23,"column":6},"end":{"line":26,"column":37}},"type":"binary-expr","locations":[{"start":{"line":23,"column":6},"end":{"line":23,"column":29}},{"start":{"line":24,"column":6},"end":{"line":24,"column":23}},{"start":{"line":25,"column":6},"end":{"line":25,"column":30}},{"start":{"line":26,"column":6},"end":{"line":26,"column":37}}],"line":23},"3":{"loc":{"start":{"line":35,"column":2},"end":{"line":37,"column":3}},"type":"if","locations":[{"start":{"line":35,"column":2},"end":{"line":37,"column":3}},{"start":{},"end":{}}],"line":35}},"s":{"0":3,"1":3,"2":3,"3":3,"4":3,"5":3,"6":3,"7":3,"8":3,"9":0,"10":3,"11":3,"12":12,"13":9,"14":9,"15":3,"16":9,"17":9,"18":3,"19":3,"20":3},"f":{"0":12,"1":9,"2":9},"b":{"0":[3,0],"1":[0,3],"2":[12,12,9,9],"3":[9,0]},"_coverageSchema":"1a1c01bbd47fc00a2c39e90264f33305004495a9","hash":"815b71abd1795bee09a73400b64fcf4b686d7ec8"}
,"D:\\Hacktiv8\\Materi\\Phase 2\\Group Project\\Ngobrol\\server\\models\\message.js": {"path":"D:\\Hacktiv8\\Materi\\Phase 2\\Group Project\\Ngobrol\\server\\models\\message.js","statementMap":{"0":{"start":{"line":2,"column":18},"end":{"line":2,"column":38}},"1":{"start":{"line":3,"column":0},"end":{"line":52,"column":2}},"2":{"start":{"line":12,"column":6},"end":{"line":15,"column":9}},"3":{"start":{"line":16,"column":6},"end":{"line":19,"column":9}},"4":{"start":{"line":22,"column":2},"end":{"line":50,"column":4}},"5":{"start":{"line":51,"column":2},"end":{"line":51,"column":17}}},"fnMap":{"0":{"name":"(anonymous_0)","decl":{"start":{"line":3,"column":17},"end":{"line":3,"column":18}},"loc":{"start":{"line":3,"column":43},"end":{"line":52,"column":1}},"line":3},"1":{"name":"(anonymous_1)","decl":{"start":{"line":10,"column":4},"end":{"line":10,"column":5}},"loc":{"start":{"line":10,"column":29},"end":{"line":20,"column":5}},"line":10}},"branchMap":{},"s":{"0":3,"1":3,"2":3,"3":3,"4":3,"5":3},"f":{"0":3,"1":3},"b":{},"_coverageSchema":"1a1c01bbd47fc00a2c39e90264f33305004495a9","hash":"1dd4c7ee5f88858c0e10ef8d2eb165c0f07fc65f"}
,"D:\\Hacktiv8\\Materi\\Phase 2\\Group Project\\Ngobrol\\server\\models\\user.js": {"path":"D:\\Hacktiv8\\Materi\\Phase 2\\Group Project\\Ngobrol\\server\\models\\user.js","statementMap":{"0":{"start":{"line":2,"column":18},"end":{"line":2,"column":38}},"1":{"start":{"line":4,"column":25},"end":{"line":4,"column":53}},"2":{"start":{"line":6,"column":0},"end":{"line":77,"column":2}},"3":{"start":{"line":23,"column":2},"end":{"line":74,"column":4}},"4":{"start":{"line":67,"column":10},"end":{"line":67,"column":54}},"5":{"start":{"line":76,"column":2},"end":{"line":76,"column":14}}},"fnMap":{"0":{"name":"(anonymous_0)","decl":{"start":{"line":6,"column":17},"end":{"line":6,"column":18}},"loc":{"start":{"line":6,"column":43},"end":{"line":77,"column":1}},"line":6},"1":{"name":"(anonymous_1)","decl":{"start":{"line":13,"column":4},"end":{"line":13,"column":5}},"loc":{"start":{"line":13,"column":29},"end":{"line":21,"column":5}},"line":13},"2":{"name":"(anonymous_2)","decl":{"start":{"line":66,"column":22},"end":{"line":66,"column":23}},"loc":{"start":{"line":66,"column":32},"end":{"line":68,"column":9}},"line":66}},"branchMap":{},"s":{"0":3,"1":3,"2":3,"3":3,"4":2,"5":3},"f":{"0":3,"1":3,"2":2},"b":{},"_coverageSchema":"1a1c01bbd47fc00a2c39e90264f33305004495a9","hash":"4a9cb87c5b053b1e7fa36fa6fe76ec9964ecd8d0"}
,"D:\\Hacktiv8\\Materi\\Phase 2\\Group Project\\Ngobrol\\server\\routes\\chatRoute.js": {"path":"D:\\Hacktiv8\\Materi\\Phase 2\\Group Project\\Ngobrol\\server\\routes\\chatRoute.js","statementMap":{"0":{"start":{"line":1,"column":16},"end":{"line":1,"column":34}},"1":{"start":{"line":2,"column":23},"end":{"line":2,"column":63}},"2":{"start":{"line":4,"column":15},"end":{"line":4,"column":31}},"3":{"start":{"line":6,"column":0},"end":{"line":6,"column":44}},"4":{"start":{"line":8,"column":0},"end":{"line":8,"column":49}},"5":{"start":{"line":10,"column":0},"end":{"line":10,"column":64}},"6":{"start":{"line":12,"column":0},"end":{"line":12,"column":24}}},"fnMap":{},"branchMap":{},"s":{"0":1,"1":1,"2":1,"3":1,"4":1,"5":1,"6":1},"f":{},"b":{},"_coverageSchema":"1a1c01bbd47fc00a2c39e90264f33305004495a9","hash":"012087bebb6d22b0925f4cf7b4cecd632c19ebb0"}
,"D:\\Hacktiv8\\Materi\\Phase 2\\Group Project\\Ngobrol\\server\\routes\\index.js": {"path":"D:\\Hacktiv8\\Materi\\Phase 2\\Group Project\\Ngobrol\\server\\routes\\index.js","statementMap":{"0":{"start":{"line":1,"column":16},"end":{"line":1,"column":34}},"1":{"start":{"line":2,"column":15},"end":{"line":2,"column":31}},"2":{"start":{"line":3,"column":18},"end":{"line":3,"column":40}},"3":{"start":{"line":4,"column":18},"end":{"line":4,"column":40}},"4":{"start":{"line":5,"column":21},"end":{"line":5,"column":46}},"5":{"start":{"line":6,"column":21},"end":{"line":6,"column":59}},"6":{"start":{"line":7,"column":23},"end":{"line":7,"column":63}},"7":{"start":{"line":9,"column":0},"end":{"line":11,"column":3}},"8":{"start":{"line":10,"column":2},"end":{"line":10,"column":54}},"9":{"start":{"line":13,"column":0},"end":{"line":13,"column":32}},"10":{"start":{"line":15,"column":0},"end":{"line":15,"column":27}},"11":{"start":{"line":16,"column":0},"end":{"line":16,"column":32}},"12":{"start":{"line":17,"column":0},"end":{"line":17,"column":38}},"13":{"start":{"line":19,"column":0},"end":{"line":19,"column":25}},"14":{"start":{"line":21,"column":0},"end":{"line":21,"column":24}}},"fnMap":{"0":{"name":"(anonymous_0)","decl":{"start":{"line":9,"column":16},"end":{"line":9,"column":17}},"loc":{"start":{"line":9,"column":30},"end":{"line":11,"column":1}},"line":9}},"branchMap":{},"s":{"0":1,"1":1,"2":1,"3":1,"4":1,"5":1,"6":1,"7":1,"8":1,"9":1,"10":1,"11":1,"12":1,"13":1,"14":1},"f":{"0":1},"b":{},"_coverageSchema":"1a1c01bbd47fc00a2c39e90264f33305004495a9","hash":"2ef43f37f096fc77c7c4b7a13b7ef2efdafb9148"}
,"D:\\Hacktiv8\\Materi\\Phase 2\\Group Project\\Ngobrol\\server\\routes\\messageRoute.js": {"path":"D:\\Hacktiv8\\Materi\\Phase 2\\Group Project\\Ngobrol\\server\\routes\\messageRoute.js","statementMap":{"0":{"start":{"line":1,"column":16},"end":{"line":1,"column":34}},"1":{"start":{"line":2,"column":26},"end":{"line":2,"column":69}},"2":{"start":{"line":4,"column":15},"end":{"line":4,"column":31}},"3":{"start":{"line":6,"column":0},"end":{"line":6,"column":50}},"4":{"start":{"line":8,"column":0},"end":{"line":8,"column":54}},"5":{"start":{"line":10,"column":0},"end":{"line":10,"column":24}}},"fnMap":{},"branchMap":{},"s":{"0":1,"1":1,"2":1,"3":1,"4":1,"5":1},"f":{},"b":{},"_coverageSchema":"1a1c01bbd47fc00a2c39e90264f33305004495a9","hash":"5954de70e65033db9fb7735fa4036910d0c39521"}
,"D:\\Hacktiv8\\Materi\\Phase 2\\Group Project\\Ngobrol\\server\\routes\\userRoute.js": {"path":"D:\\Hacktiv8\\Materi\\Phase 2\\Group Project\\Ngobrol\\server\\routes\\userRoute.js","statementMap":{"0":{"start":{"line":1,"column":16},"end":{"line":1,"column":34}},"1":{"start":{"line":2,"column":23},"end":{"line":2,"column":63}},"2":{"start":{"line":3,"column":23},"end":{"line":3,"column":63}},"3":{"start":{"line":5,"column":15},"end":{"line":5,"column":31}},"4":{"start":{"line":7,"column":0},"end":{"line":7,"column":54}},"5":{"start":{"line":9,"column":0},"end":{"line":9,"column":48}},"6":{"start":{"line":11,"column":0},"end":{"line":11,"column":27}},"7":{"start":{"line":12,"column":0},"end":{"line":12,"column":53}},"8":{"start":{"line":14,"column":0},"end":{"line":14,"column":41}},"9":{"start":{"line":16,"column":0},"end":{"line":16,"column":24}}},"fnMap":{},"branchMap":{},"s":{"0":1,"1":1,"2":1,"3":1,"4":1,"5":1,"6":1,"7":1,"8":1,"9":1},"f":{},"b":{},"_coverageSchema":"1a1c01bbd47fc00a2c39e90264f33305004495a9","hash":"53fef599059814e1e6bdeb53bcc1dfd79b4555db"}
}
