{"/Users/dekalouisport/Developer/Hacktiv8 Portable/PHASE2/Week4/Ngobrol/server/controllers/chatController.js": {"path":"/Users/dekalouisport/Developer/Hacktiv8 Portable/PHASE2/Week4/Ngobrol/server/controllers/chatController.js","statementMap":{"0":{"start":{"line":1,"column":15},"end":{"line":1,"column":35}},"1":{"start":{"line":2,"column":23},"end":{"line":2,"column":43}},"2":{"start":{"line":6,"column":37},"end":{"line":6,"column":45}},"3":{"start":{"line":7,"column":4},"end":{"line":43,"column":5}},"4":{"start":{"line":8,"column":6},"end":{"line":13,"column":7}},"5":{"start":{"line":9,"column":8},"end":{"line":12,"column":11}},"6":{"start":{"line":15,"column":17},"end":{"line":21,"column":8}},"7":{"start":{"line":23,"column":6},"end":{"line":27,"column":7}},"8":{"start":{"line":24,"column":8},"end":{"line":26,"column":11}},"9":{"start":{"line":29,"column":20},"end":{"line":34,"column":8}},"10":{"start":{"line":40,"column":6},"end":{"line":40,"column":72}},"11":{"start":{"line":42,"column":6},"end":{"line":42,"column":18}},"12":{"start":{"line":47,"column":23},"end":{"line":47,"column":33}},"13":{"start":{"line":48,"column":4},"end":{"line":91,"column":5}},"14":{"start":{"line":49,"column":6},"end":{"line":54,"column":7}},"15":{"start":{"line":50,"column":8},"end":{"line":53,"column":11}},"16":{"start":{"line":56,"column":20},"end":{"line":60,"column":8}},"17":{"start":{"line":62,"column":27},"end":{"line":62,"column":36}},"18":{"start":{"line":63,"column":6},"end":{"line":65,"column":9}},"19":{"start":{"line":64,"column":8},"end":{"line":64,"column":59}},"20":{"start":{"line":64,"column":37},"end":{"line":64,"column":57}},"21":{"start":{"line":66,"column":30},"end":{"line":66,"column":54}},"22":{"start":{"line":68,"column":20},"end":{"line":73,"column":8}},"23":{"start":{"line":75,"column":22},"end":{"line":75,"column":24}},"24":{"start":{"line":76,"column":6},"end":{"line":78,"column":9}},"25":{"start":{"line":77,"column":8},"end":{"line":77,"column":32}},"26":{"start":{"line":80,"column":31},"end":{"line":86,"column":8}},"27":{"start":{"line":81,"column":25},"end":{"line":81,"column":38}},"28":{"start":{"line":82,"column":8},"end":{"line":84,"column":10}},"29":{"start":{"line":83,"column":24},"end":{"line":83,"column":41}},"30":{"start":{"line":85,"column":8},"end":{"line":85,"column":24}},"31":{"start":{"line":88,"column":6},"end":{"line":88,"column":52}},"32":{"start":{"line":90,"column":6},"end":{"line":90,"column":18}},"33":{"start":{"line":95,"column":34},"end":{"line":95,"column":44}},"34":{"start":{"line":96,"column":4},"end":{"line":133,"column":5}},"35":{"start":{"line":97,"column":6},"end":{"line":102,"column":7}},"36":{"start":{"line":98,"column":8},"end":{"line":101,"column":11}},"37":{"start":{"line":104,"column":19},"end":{"line":110,"column":8}},"38":{"start":{"line":112,"column":6},"end":{"line":117,"column":7}},"39":{"start":{"line":113,"column":8},"end":{"line":116,"column":11}},"40":{"start":{"line":119,"column":23},"end":{"line":119,"column":36}},"41":{"start":{"line":121,"column":20},"end":{"line":126,"column":8}},"42":{"start":{"line":128,"column":6},"end":{"line":128,"column":38}},"43":{"start":{"line":130,"column":6},"end":{"line":130,"column":37}},"44":{"start":{"line":132,"column":6},"end":{"line":132,"column":18}},"45":{"start":{"line":137,"column":0},"end":{"line":137,"column":32}}},"fnMap":{"0":{"name":"(anonymous_0)","decl":{"start":{"line":5,"column":2},"end":{"line":5,"column":3}},"loc":{"start":{"line":5,"column":42},"end":{"line":44,"column":3}},"line":5},"1":{"name":"(anonymous_1)","decl":{"start":{"line":46,"column":2},"end":{"line":46,"column":3}},"loc":{"start":{"line":46,"column":41},"end":{"line":92,"column":3}},"line":46},"2":{"name":"(anonymous_2)","decl":{"start":{"line":63,"column":20},"end":{"line":63,"column":21}},"loc":{"start":{"line":63,"column":30},"end":{"line":65,"column":7}},"line":63},"3":{"name":"(anonymous_3)","decl":{"start":{"line":64,"column":29},"end":{"line":64,"column":30}},"loc":{"start":{"line":64,"column":37},"end":{"line":64,"column":57}},"line":64},"4":{"name":"(anonymous_4)","decl":{"start":{"line":76,"column":20},"end":{"line":76,"column":21}},"loc":{"start":{"line":76,"column":30},"end":{"line":78,"column":7}},"line":76},"5":{"name":"(anonymous_5)","decl":{"start":{"line":80,"column":41},"end":{"line":80,"column":42}},"loc":{"start":{"line":80,"column":51},"end":{"line":86,"column":7}},"line":80},"6":{"name":"(anonymous_6)","decl":{"start":{"line":83,"column":10},"end":{"line":83,"column":11}},"loc":{"start":{"line":83,"column":24},"end":{"line":83,"column":41}},"line":83},"7":{"name":"(anonymous_7)","decl":{"start":{"line":94,"column":2},"end":{"line":94,"column":3}},"loc":{"start":{"line":94,"column":40},"end":{"line":134,"column":3}},"line":94}},"branchMap":{"0":{"loc":{"start":{"line":8,"column":6},"end":{"line":13,"column":7}},"type":"if","locations":[{"start":{"line":8,"column":6},"end":{"line":13,"column":7}},{"start":{},"end":{}}],"line":8},"1":{"loc":{"start":{"line":8,"column":10},"end":{"line":8,"column":34}},"type":"binary-expr","locations":[{"start":{"line":8,"column":10},"end":{"line":8,"column":19}},{"start":{"line":8,"column":23},"end":{"line":8,"column":34}}],"line":8},"2":{"loc":{"start":{"line":23,"column":6},"end":{"line":27,"column":7}},"type":"if","locations":[{"start":{"line":23,"column":6},"end":{"line":27,"column":7}},{"start":{},"end":{}}],"line":23},"3":{"loc":{"start":{"line":49,"column":6},"end":{"line":54,"column":7}},"type":"if","locations":[{"start":{"line":49,"column":6},"end":{"line":54,"column":7}},{"start":{},"end":{}}],"line":49},"4":{"loc":{"start":{"line":97,"column":6},"end":{"line":102,"column":7}},"type":"if","locations":[{"start":{"line":97,"column":6},"end":{"line":102,"column":7}},{"start":{},"end":{}}],"line":97},"5":{"loc":{"start":{"line":97,"column":10},"end":{"line":97,"column":31}},"type":"binary-expr","locations":[{"start":{"line":97,"column":10},"end":{"line":97,"column":18}},{"start":{"line":97,"column":22},"end":{"line":97,"column":31}}],"line":97},"6":{"loc":{"start":{"line":112,"column":6},"end":{"line":117,"column":7}},"type":"if","locations":[{"start":{"line":112,"column":6},"end":{"line":117,"column":7}},{"start":{},"end":{}}],"line":112}},"s":{"0":1,"1":1,"2":4,"3":4,"4":4,"5":1,"6":3,"7":2,"8":1,"9":2,"10":2,"11":1,"12":3,"13":3,"14":3,"15":1,"16":2,"17":1,"18":1,"19":0,"20":0,"21":1,"22":1,"23":1,"24":1,"25":0,"26":1,"27":0,"28":0,"29":0,"30":0,"31":1,"32":1,"33":5,"34":5,"35":5,"36":1,"37":4,"38":3,"39":1,"40":2,"41":2,"42":2,"43":2,"44":1,"45":1},"f":{"0":4,"1":3,"2":0,"3":0,"4":0,"5":0,"6":0,"7":5},"b":{"0":[1,3],"1":[4,4],"2":[1,1],"3":[1,2],"4":[1,4],"5":[5,5],"6":[1,2]},"_coverageSchema":"1a1c01bbd47fc00a2c39e90264f33305004495a9","hash":"3b775a7de8f3adfb84e5cd77b2004561c7bc1920"}
,"/Users/dekalouisport/Developer/Hacktiv8 Portable/PHASE2/Week4/Ngobrol/server/controllers/messageController.js": {"path":"/Users/dekalouisport/Developer/Hacktiv8 Portable/PHASE2/Week4/Ngobrol/server/controllers/messageController.js","statementMap":{"0":{"start":{"line":1,"column":26},"end":{"line":1,"column":46}},"1":{"start":{"line":2,"column":31},"end":{"line":2,"column":63}},"2":{"start":{"line":4,"column":14},"end":{"line":7,"column":1}},"3":{"start":{"line":11,"column":4},"end":{"line":54,"column":5}},"4":{"start":{"line":12,"column":20},"end":{"line":14,"column":8}},"5":{"start":{"line":16,"column":27},"end":{"line":16,"column":35}},"6":{"start":{"line":18,"column":6},"end":{"line":18,"column":50}},"7":{"start":{"line":21,"column":31},"end":{"line":26,"column":19}},"8":{"start":{"line":24,"column":12},"end":{"line":24,"column":75}},"9":{"start":{"line":28,"column":21},"end":{"line":32,"column":23}},"10":{"start":{"line":34,"column":6},"end":{"line":34,"column":56}},"11":{"start":{"line":36,"column":21},"end":{"line":42,"column":8}},"12":{"start":{"line":44,"column":25},"end":{"line":44,"column":47}},"13":{"start":{"line":45,"column":6},"end":{"line":45,"column":52}},"14":{"start":{"line":47,"column":6},"end":{"line":47,"column":43}},"15":{"start":{"line":49,"column":6},"end":{"line":49,"column":48}},"16":{"start":{"line":50,"column":6},"end":{"line":53,"column":9}},"17":{"start":{"line":58,"column":39},"end":{"line":58,"column":47}},"18":{"start":{"line":59,"column":4},"end":{"line":87,"column":5}},"19":{"start":{"line":60,"column":6},"end":{"line":65,"column":7}},"20":{"start":{"line":61,"column":8},"end":{"line":64,"column":11}},"21":{"start":{"line":67,"column":19},"end":{"line":67,"column":46}},"22":{"start":{"line":68,"column":6},"end":{"line":73,"column":7}},"23":{"start":{"line":69,"column":8},"end":{"line":72,"column":11}},"24":{"start":{"line":75,"column":6},"end":{"line":80,"column":7}},"25":{"start":{"line":76,"column":8},"end":{"line":79,"column":11}},"26":{"start":{"line":82,"column":22},"end":{"line":82,"column":70}},"27":{"start":{"line":84,"column":6},"end":{"line":84,"column":43}},"28":{"start":{"line":86,"column":6},"end":{"line":86,"column":18}},"29":{"start":{"line":91,"column":23},"end":{"line":91,"column":33}},"30":{"start":{"line":92,"column":4},"end":{"line":116,"column":5}},"31":{"start":{"line":93,"column":6},"end":{"line":98,"column":7}},"32":{"start":{"line":94,"column":8},"end":{"line":97,"column":11}},"33":{"start":{"line":100,"column":19},"end":{"line":100,"column":46}},"34":{"start":{"line":101,"column":6},"end":{"line":106,"column":7}},"35":{"start":{"line":102,"column":8},"end":{"line":105,"column":11}},"36":{"start":{"line":108,"column":23},"end":{"line":111,"column":8}},"37":{"start":{"line":113,"column":6},"end":{"line":113,"column":44}},"38":{"start":{"line":115,"column":6},"end":{"line":115,"column":18}},"39":{"start":{"line":120,"column":0},"end":{"line":120,"column":35}}},"fnMap":{"0":{"name":"(anonymous_0)","decl":{"start":{"line":10,"column":2},"end":{"line":10,"column":3}},"loc":{"start":{"line":10,"column":47},"end":{"line":55,"column":3}},"line":10},"1":{"name":"(anonymous_1)","decl":{"start":{"line":23,"column":10},"end":{"line":23,"column":11}},"loc":{"start":{"line":24,"column":12},"end":{"line":24,"column":75}},"line":24},"2":{"name":"(anonymous_2)","decl":{"start":{"line":57,"column":2},"end":{"line":57,"column":3}},"loc":{"start":{"line":57,"column":45},"end":{"line":88,"column":3}},"line":57},"3":{"name":"(anonymous_3)","decl":{"start":{"line":90,"column":2},"end":{"line":90,"column":3}},"loc":{"start":{"line":90,"column":43},"end":{"line":117,"column":3}},"line":90}},"branchMap":{"0":{"loc":{"start":{"line":24,"column":15},"end":{"line":24,"column":57}},"type":"cond-expr","locations":[{"start":{"line":24,"column":37},"end":{"line":24,"column":43}},{"start":{"line":24,"column":46},"end":{"line":24,"column":57}}],"line":24},"1":{"loc":{"start":{"line":60,"column":6},"end":{"line":65,"column":7}},"type":"if","locations":[{"start":{"line":60,"column":6},"end":{"line":65,"column":7}},{"start":{},"end":{}}],"line":60},"2":{"loc":{"start":{"line":60,"column":10},"end":{"line":60,"column":39}},"type":"binary-expr","locations":[{"start":{"line":60,"column":10},"end":{"line":60,"column":17}},{"start":{"line":60,"column":21},"end":{"line":60,"column":30}},{"start":{"line":60,"column":34},"end":{"line":60,"column":39}}],"line":60},"3":{"loc":{"start":{"line":68,"column":6},"end":{"line":73,"column":7}},"type":"if","locations":[{"start":{"line":68,"column":6},"end":{"line":73,"column":7}},{"start":{},"end":{}}],"line":68},"4":{"loc":{"start":{"line":75,"column":6},"end":{"line":80,"column":7}},"type":"if","locations":[{"start":{"line":75,"column":6},"end":{"line":80,"column":7}},{"start":{},"end":{}}],"line":75},"5":{"loc":{"start":{"line":93,"column":6},"end":{"line":98,"column":7}},"type":"if","locations":[{"start":{"line":93,"column":6},"end":{"line":98,"column":7}},{"start":{},"end":{}}],"line":93},"6":{"loc":{"start":{"line":101,"column":6},"end":{"line":106,"column":7}},"type":"if","locations":[{"start":{"line":101,"column":6},"end":{"line":106,"column":7}},{"start":{},"end":{}}],"line":101}},"s":{"0":1,"1":1,"2":1,"3":2,"4":2,"5":2,"6":2,"7":2,"8":2,"9":2,"10":2,"11":2,"12":0,"13":0,"14":0,"15":2,"16":2,"17":5,"18":5,"19":5,"20":1,"21":4,"22":3,"23":1,"24":2,"25":1,"26":1,"27":1,"28":1,"29":4,"30":4,"31":4,"32":1,"33":3,"34":2,"35":1,"36":1,"37":1,"38":1,"39":1},"f":{"0":2,"1":2,"2":5,"3":4},"b":{"0":[1,1],"1":[1,4],"2":[5,5,5],"3":[1,2],"4":[1,1],"5":[1,3],"6":[1,1]},"_coverageSchema":"1a1c01bbd47fc00a2c39e90264f33305004495a9","hash":"baa9c41b4b7bd934c2af68680d0763f1d4fbb5d0"}
,"/Users/dekalouisport/Developer/Hacktiv8 Portable/PHASE2/Week4/Ngobrol/server/controllers/userController.js": {"path":"/Users/dekalouisport/Developer/Hacktiv8 Portable/PHASE2/Week4/Ngobrol/server/controllers/userController.js","statementMap":{"0":{"start":{"line":1,"column":17},"end":{"line":1,"column":37}},"1":{"start":{"line":2,"column":22},"end":{"line":2,"column":47}},"2":{"start":{"line":3,"column":28},"end":{"line":3,"column":56}},"3":{"start":{"line":7,"column":38},"end":{"line":7,"column":46}},"4":{"start":{"line":8,"column":4},"end":{"line":31,"column":5}},"5":{"start":{"line":9,"column":6},"end":{"line":14,"column":7}},"6":{"start":{"line":10,"column":8},"end":{"line":13,"column":11}},"7":{"start":{"line":16,"column":22},"end":{"line":20,"column":8}},"8":{"start":{"line":22,"column":21},"end":{"line":26,"column":7}},"9":{"start":{"line":27,"column":6},"end":{"line":27,"column":35}},"10":{"start":{"line":30,"column":6},"end":{"line":30,"column":18}},"11":{"start":{"line":35,"column":4},"end":{"line":78,"column":5}},"12":{"start":{"line":36,"column":34},"end":{"line":36,"column":42}},"13":{"start":{"line":38,"column":6},"end":{"line":43,"column":7}},"14":{"start":{"line":39,"column":8},"end":{"line":42,"column":11}},"15":{"start":{"line":45,"column":6},"end":{"line":50,"column":7}},"16":{"start":{"line":46,"column":8},"end":{"line":49,"column":11}},"17":{"start":{"line":52,"column":19},"end":{"line":52,"column":59}},"18":{"start":{"line":54,"column":6},"end":{"line":59,"column":7}},"19":{"start":{"line":55,"column":8},"end":{"line":58,"column":11}},"20":{"start":{"line":61,"column":30},"end":{"line":61,"column":70}},"21":{"start":{"line":62,"column":6},"end":{"line":67,"column":7}},"22":{"start":{"line":63,"column":8},"end":{"line":66,"column":11}},"23":{"start":{"line":69,"column":27},"end":{"line":69,"column":53}},"24":{"start":{"line":70,"column":6},"end":{"line":75,"column":9}},"25":{"start":{"line":77,"column":6},"end":{"line":77,"column":18}},"26":{"start":{"line":82,"column":19},"end":{"line":82,"column":36}},"27":{"start":{"line":83,"column":4},"end":{"line":105,"column":5}},"28":{"start":{"line":84,"column":6},"end":{"line":89,"column":7}},"29":{"start":{"line":85,"column":8},"end":{"line":88,"column":11}},"30":{"start":{"line":91,"column":19},"end":{"line":93,"column":8}},"31":{"start":{"line":95,"column":6},"end":{"line":100,"column":7}},"32":{"start":{"line":96,"column":8},"end":{"line":99,"column":11}},"33":{"start":{"line":102,"column":6},"end":{"line":102,"column":21}},"34":{"start":{"line":104,"column":6},"end":{"line":104,"column":18}},"35":{"start":{"line":109,"column":4},"end":{"line":117,"column":5}},"36":{"start":{"line":110,"column":20},"end":{"line":112,"column":8}},"37":{"start":{"line":114,"column":6},"end":{"line":114,"column":22}},"38":{"start":{"line":116,"column":6},"end":{"line":116,"column":18}},"39":{"start":{"line":121,"column":0},"end":{"line":121,"column":32}}},"fnMap":{"0":{"name":"(anonymous_0)","decl":{"start":{"line":6,"column":2},"end":{"line":6,"column":3}},"loc":{"start":{"line":6,"column":44},"end":{"line":32,"column":3}},"line":6},"1":{"name":"(anonymous_1)","decl":{"start":{"line":34,"column":2},"end":{"line":34,"column":3}},"loc":{"start":{"line":34,"column":41},"end":{"line":79,"column":3}},"line":34},"2":{"name":"(anonymous_2)","decl":{"start":{"line":81,"column":2},"end":{"line":81,"column":3}},"loc":{"start":{"line":81,"column":40},"end":{"line":106,"column":3}},"line":81},"3":{"name":"(anonymous_3)","decl":{"start":{"line":108,"column":2},"end":{"line":108,"column":3}},"loc":{"start":{"line":108,"column":40},"end":{"line":118,"column":3}},"line":108}},"branchMap":{"0":{"loc":{"start":{"line":9,"column":6},"end":{"line":14,"column":7}},"type":"if","locations":[{"start":{"line":9,"column":6},"end":{"line":14,"column":7}},{"start":{},"end":{}}],"line":9},"1":{"loc":{"start":{"line":9,"column":10},"end":{"line":9,"column":38}},"type":"binary-expr","locations":[{"start":{"line":9,"column":10},"end":{"line":9,"column":15}},{"start":{"line":9,"column":19},"end":{"line":9,"column":25}},{"start":{"line":9,"column":29},"end":{"line":9,"column":38}}],"line":9},"2":{"loc":{"start":{"line":38,"column":6},"end":{"line":43,"column":7}},"type":"if","locations":[{"start":{"line":38,"column":6},"end":{"line":43,"column":7}},{"start":{},"end":{}}],"line":38},"3":{"loc":{"start":{"line":45,"column":6},"end":{"line":50,"column":7}},"type":"if","locations":[{"start":{"line":45,"column":6},"end":{"line":50,"column":7}},{"start":{},"end":{}}],"line":45},"4":{"loc":{"start":{"line":54,"column":6},"end":{"line":59,"column":7}},"type":"if","locations":[{"start":{"line":54,"column":6},"end":{"line":59,"column":7}},{"start":{},"end":{}}],"line":54},"5":{"loc":{"start":{"line":62,"column":6},"end":{"line":67,"column":7}},"type":"if","locations":[{"start":{"line":62,"column":6},"end":{"line":67,"column":7}},{"start":{},"end":{}}],"line":62},"6":{"loc":{"start":{"line":84,"column":6},"end":{"line":89,"column":7}},"type":"if","locations":[{"start":{"line":84,"column":6},"end":{"line":89,"column":7}},{"start":{},"end":{}}],"line":84},"7":{"loc":{"start":{"line":95,"column":6},"end":{"line":100,"column":7}},"type":"if","locations":[{"start":{"line":95,"column":6},"end":{"line":100,"column":7}},{"start":{},"end":{}}],"line":95}},"s":{"0":1,"1":1,"2":1,"3":3,"4":3,"5":3,"6":1,"7":2,"8":1,"9":1,"10":1,"11":5,"12":5,"13":5,"14":1,"15":4,"16":1,"17":3,"18":3,"19":1,"20":2,"21":2,"22":1,"23":1,"24":1,"25":0,"26":3,"27":3,"28":3,"29":1,"30":2,"31":2,"32":1,"33":1,"34":0,"35":2,"36":2,"37":1,"38":1,"39":1},"f":{"0":3,"1":5,"2":3,"3":2},"b":{"0":[1,2],"1":[3,3,3],"2":[1,4],"3":[1,3],"4":[1,2],"5":[1,1],"6":[1,2],"7":[1,1]},"_coverageSchema":"1a1c01bbd47fc00a2c39e90264f33305004495a9","hash":"52920e1759f58a5f65132769cea87688affd145a"}
,"/Users/dekalouisport/Developer/Hacktiv8 Portable/PHASE2/Week4/Ngobrol/server/helpers/bcrypt.js": {"path":"/Users/dekalouisport/Developer/Hacktiv8 Portable/PHASE2/Week4/Ngobrol/server/helpers/bcrypt.js","statementMap":{"0":{"start":{"line":1,"column":15},"end":{"line":1,"column":34}},"1":{"start":{"line":3,"column":21},"end":{"line":7,"column":1}},"2":{"start":{"line":4,"column":15},"end":{"line":4,"column":37}},"3":{"start":{"line":5,"column":15},"end":{"line":5,"column":46}},"4":{"start":{"line":6,"column":2},"end":{"line":6,"column":14}},"5":{"start":{"line":9,"column":24},"end":{"line":11,"column":1}},"6":{"start":{"line":10,"column":2},"end":{"line":10,"column":44}},"7":{"start":{"line":13,"column":0},"end":{"line":13,"column":51}}},"fnMap":{"0":{"name":"(anonymous_0)","decl":{"start":{"line":3,"column":21},"end":{"line":3,"column":22}},"loc":{"start":{"line":3,"column":35},"end":{"line":7,"column":1}},"line":3},"1":{"name":"(anonymous_1)","decl":{"start":{"line":9,"column":24},"end":{"line":9,"column":25}},"loc":{"start":{"line":9,"column":44},"end":{"line":11,"column":1}},"line":9}},"branchMap":{},"s":{"0":4,"1":4,"2":3,"3":3,"4":3,"5":4,"6":2,"7":4},"f":{"0":3,"1":2},"b":{},"_coverageSchema":"1a1c01bbd47fc00a2c39e90264f33305004495a9","hash":"91ceedbfca6b662cf7205ace92a6897c14b03b2c"}
,"/Users/dekalouisport/Developer/Hacktiv8 Portable/PHASE2/Week4/Ngobrol/server/helpers/jwt.js": {"path":"/Users/dekalouisport/Developer/Hacktiv8 Portable/PHASE2/Week4/Ngobrol/server/helpers/jwt.js","statementMap":{"0":{"start":{"line":1,"column":0},"end":{"line":1,"column":27}},"1":{"start":{"line":2,"column":12},"end":{"line":2,"column":35}},"2":{"start":{"line":4,"column":15},"end":{"line":4,"column":41}},"3":{"start":{"line":6,"column":0},"end":{"line":16,"column":2}},"4":{"start":{"line":7,"column":23},"end":{"line":7,"column":45}},"5":{"start":{"line":10,"column":4},"end":{"line":14,"column":5}},"6":{"start":{"line":11,"column":6},"end":{"line":11,"column":39}},"7":{"start":{"line":13,"column":6},"end":{"line":13,"column":79}}},"fnMap":{"0":{"name":"(anonymous_0)","decl":{"start":{"line":7,"column":13},"end":{"line":7,"column":14}},"loc":{"start":{"line":7,"column":23},"end":{"line":7,"column":45}},"line":7},"1":{"name":"(anonymous_1)","decl":{"start":{"line":9,"column":15},"end":{"line":9,"column":16}},"loc":{"start":{"line":9,"column":26},"end":{"line":15,"column":3}},"line":9}},"branchMap":{},"s":{"0":2,"1":2,"2":2,"3":2,"4":1,"5":2,"6":2,"7":1},"f":{"0":1,"1":2},"b":{},"_coverageSchema":"1a1c01bbd47fc00a2c39e90264f33305004495a9","hash":"0b3de195edd896edb72eb0312a2a8c722c2ce616"}
,"/Users/dekalouisport/Developer/Hacktiv8 Portable/PHASE2/Week4/Ngobrol/server/models/chat.js": {"path":"/Users/dekalouisport/Developer/Hacktiv8 Portable/PHASE2/Week4/Ngobrol/server/models/chat.js","statementMap":{"0":{"start":{"line":2,"column":18},"end":{"line":2,"column":38}},"1":{"start":{"line":3,"column":0},"end":{"line":54,"column":2}},"2":{"start":{"line":12,"column":6},"end":{"line":15,"column":9}},"3":{"start":{"line":18,"column":2},"end":{"line":52,"column":4}},"4":{"start":{"line":31,"column":27},"end":{"line":31,"column":55}},"5":{"start":{"line":32,"column":10},"end":{"line":36,"column":17}},"6":{"start":{"line":40,"column":12},"end":{"line":42,"column":13}},"7":{"start":{"line":41,"column":14},"end":{"line":41,"column":58}},"8":{"start":{"line":53,"column":2},"end":{"line":53,"column":14}}},"fnMap":{"0":{"name":"(anonymous_0)","decl":{"start":{"line":3,"column":17},"end":{"line":3,"column":18}},"loc":{"start":{"line":3,"column":43},"end":{"line":54,"column":1}},"line":3},"1":{"name":"(anonymous_1)","decl":{"start":{"line":10,"column":4},"end":{"line":10,"column":5}},"loc":{"start":{"line":10,"column":29},"end":{"line":16,"column":5}},"line":10},"2":{"name":"(anonymous_2)","decl":{"start":{"line":30,"column":8},"end":{"line":30,"column":9}},"loc":{"start":{"line":30,"column":14},"end":{"line":37,"column":9}},"line":30},"3":{"name":"(anonymous_3)","decl":{"start":{"line":39,"column":10},"end":{"line":39,"column":11}},"loc":{"start":{"line":39,"column":37},"end":{"line":43,"column":11}},"line":39}},"branchMap":{"0":{"loc":{"start":{"line":32,"column":17},"end":{"line":36,"column":16}},"type":"cond-expr","locations":[{"start":{"line":33,"column":14},"end":{"line":35,"column":36}},{"start":{"line":36,"column":14},"end":{"line":36,"column":16}}],"line":32},"1":{"loc":{"start":{"line":33,"column":14},"end":{"line":35,"column":36}},"type":"cond-expr","locations":[{"start":{"line":34,"column":16},"end":{"line":34,"column":24}},{"start":{"line":35,"column":16},"end":{"line":35,"column":36}}],"line":33},"2":{"loc":{"start":{"line":40,"column":12},"end":{"line":42,"column":13}},"type":"if","locations":[{"start":{"line":40,"column":12},"end":{"line":42,"column":13}},{"start":{},"end":{}}],"line":40}},"s":{"0":4,"1":4,"2":3,"3":4,"4":2,"5":2,"6":1,"7":1,"8":4},"f":{"0":4,"1":3,"2":2,"3":1},"b":{"0":[2,0],"1":[1,1],"2":[1,0]},"_coverageSchema":"1a1c01bbd47fc00a2c39e90264f33305004495a9","hash":"ba70a9f4bb65705dd07cd62fa26fa200f0a44b61"}
,"/Users/dekalouisport/Developer/Hacktiv8 Portable/PHASE2/Week4/Ngobrol/server/models/index.js": {"path":"/Users/dekalouisport/Developer/Hacktiv8 Portable/PHASE2/Week4/Ngobrol/server/models/index.js","statementMap":{"0":{"start":{"line":3,"column":11},"end":{"line":3,"column":24}},"1":{"start":{"line":4,"column":13},"end":{"line":4,"column":28}},"2":{"start":{"line":5,"column":18},"end":{"line":5,"column":38}},"3":{"start":{"line":6,"column":16},"end":{"line":6,"column":34}},"4":{"start":{"line":7,"column":17},"end":{"line":7,"column":42}},"5":{"start":{"line":8,"column":12},"end":{"line":8,"column":49}},"6":{"start":{"line":9,"column":15},"end":{"line":9,"column":65}},"7":{"start":{"line":10,"column":11},"end":{"line":10,"column":13}},"8":{"start":{"line":13,"column":0},"end":{"line":17,"column":1}},"9":{"start":{"line":14,"column":2},"end":{"line":14,"column":74}},"10":{"start":{"line":16,"column":2},"end":{"line":16,"column":87}},"11":{"start":{"line":19,"column":0},"end":{"line":32,"column":5}},"12":{"start":{"line":22,"column":4},"end":{"line":27,"column":6}},"13":{"start":{"line":30,"column":18},"end":{"line":30,"column":85}},"14":{"start":{"line":31,"column":4},"end":{"line":31,"column":27}},"15":{"start":{"line":34,"column":0},"end":{"line":38,"column":3}},"16":{"start":{"line":35,"column":2},"end":{"line":37,"column":3}},"17":{"start":{"line":36,"column":4},"end":{"line":36,"column":32}},"18":{"start":{"line":40,"column":0},"end":{"line":40,"column":25}},"19":{"start":{"line":41,"column":0},"end":{"line":41,"column":25}},"20":{"start":{"line":43,"column":0},"end":{"line":43,"column":20}}},"fnMap":{"0":{"name":"(anonymous_0)","decl":{"start":{"line":21,"column":10},"end":{"line":21,"column":11}},"loc":{"start":{"line":21,"column":18},"end":{"line":28,"column":3}},"line":21},"1":{"name":"(anonymous_1)","decl":{"start":{"line":29,"column":11},"end":{"line":29,"column":12}},"loc":{"start":{"line":29,"column":19},"end":{"line":32,"column":3}},"line":29},"2":{"name":"(anonymous_2)","decl":{"start":{"line":34,"column":24},"end":{"line":34,"column":25}},"loc":{"start":{"line":34,"column":37},"end":{"line":38,"column":1}},"line":34}},"branchMap":{"0":{"loc":{"start":{"line":8,"column":12},"end":{"line":8,"column":49}},"type":"binary-expr","locations":[{"start":{"line":8,"column":12},"end":{"line":8,"column":32}},{"start":{"line":8,"column":36},"end":{"line":8,"column":49}}],"line":8},"1":{"loc":{"start":{"line":13,"column":0},"end":{"line":17,"column":1}},"type":"if","locations":[{"start":{"line":13,"column":0},"end":{"line":17,"column":1}},{"start":{"line":15,"column":7},"end":{"line":17,"column":1}}],"line":13},"2":{"loc":{"start":{"line":23,"column":6},"end":{"line":26,"column":37}},"type":"binary-expr","locations":[{"start":{"line":23,"column":6},"end":{"line":23,"column":29}},{"start":{"line":24,"column":6},"end":{"line":24,"column":23}},{"start":{"line":25,"column":6},"end":{"line":25,"column":30}},{"start":{"line":26,"column":6},"end":{"line":26,"column":37}}],"line":23},"3":{"loc":{"start":{"line":35,"column":2},"end":{"line":37,"column":3}},"type":"if","locations":[{"start":{"line":35,"column":2},"end":{"line":37,"column":3}},{"start":{},"end":{}}],"line":35}},"s":{"0":3,"1":3,"2":3,"3":3,"4":3,"5":3,"6":3,"7":3,"8":3,"9":0,"10":3,"11":3,"12":12,"13":9,"14":9,"15":3,"16":9,"17":9,"18":3,"19":3,"20":3},"f":{"0":12,"1":9,"2":9},"b":{"0":[3,0],"1":[0,3],"2":[12,12,9,9],"3":[9,0]},"_coverageSchema":"1a1c01bbd47fc00a2c39e90264f33305004495a9","hash":"88c84751a98ce6668e2b5c050ec8a4b628b5881f"}
,"/Users/dekalouisport/Developer/Hacktiv8 Portable/PHASE2/Week4/Ngobrol/server/models/message.js": {"path":"/Users/dekalouisport/Developer/Hacktiv8 Portable/PHASE2/Week4/Ngobrol/server/models/message.js","statementMap":{"0":{"start":{"line":2,"column":18},"end":{"line":2,"column":38}},"1":{"start":{"line":3,"column":0},"end":{"line":52,"column":2}},"2":{"start":{"line":12,"column":6},"end":{"line":15,"column":9}},"3":{"start":{"line":16,"column":6},"end":{"line":19,"column":9}},"4":{"start":{"line":22,"column":2},"end":{"line":50,"column":4}},"5":{"start":{"line":51,"column":2},"end":{"line":51,"column":17}}},"fnMap":{"0":{"name":"(anonymous_0)","decl":{"start":{"line":3,"column":17},"end":{"line":3,"column":18}},"loc":{"start":{"line":3,"column":43},"end":{"line":52,"column":1}},"line":3},"1":{"name":"(anonymous_1)","decl":{"start":{"line":10,"column":4},"end":{"line":10,"column":5}},"loc":{"start":{"line":10,"column":29},"end":{"line":20,"column":5}},"line":10}},"branchMap":{},"s":{"0":3,"1":3,"2":3,"3":3,"4":3,"5":3},"f":{"0":3,"1":3},"b":{},"_coverageSchema":"1a1c01bbd47fc00a2c39e90264f33305004495a9","hash":"793e9b704af70bd32379b5681d00e17eb1a1f9c5"}
,"/Users/dekalouisport/Developer/Hacktiv8 Portable/PHASE2/Week4/Ngobrol/server/models/user.js": {"path":"/Users/dekalouisport/Developer/Hacktiv8 Portable/PHASE2/Week4/Ngobrol/server/models/user.js","statementMap":{"0":{"start":{"line":2,"column":18},"end":{"line":2,"column":38}},"1":{"start":{"line":4,"column":25},"end":{"line":4,"column":53}},"2":{"start":{"line":6,"column":0},"end":{"line":77,"column":2}},"3":{"start":{"line":23,"column":2},"end":{"line":74,"column":4}},"4":{"start":{"line":67,"column":10},"end":{"line":67,"column":54}},"5":{"start":{"line":76,"column":2},"end":{"line":76,"column":14}}},"fnMap":{"0":{"name":"(anonymous_0)","decl":{"start":{"line":6,"column":17},"end":{"line":6,"column":18}},"loc":{"start":{"line":6,"column":43},"end":{"line":77,"column":1}},"line":6},"1":{"name":"(anonymous_1)","decl":{"start":{"line":13,"column":4},"end":{"line":13,"column":5}},"loc":{"start":{"line":13,"column":29},"end":{"line":21,"column":5}},"line":13},"2":{"name":"(anonymous_2)","decl":{"start":{"line":66,"column":22},"end":{"line":66,"column":23}},"loc":{"start":{"line":66,"column":32},"end":{"line":68,"column":9}},"line":66}},"branchMap":{},"s":{"0":3,"1":3,"2":3,"3":3,"4":0,"5":3},"f":{"0":3,"1":3,"2":0},"b":{},"_coverageSchema":"1a1c01bbd47fc00a2c39e90264f33305004495a9","hash":"f988513f98cb48a01f7f6d1cd7fdfaf9dd6fb5c5"}
}
