TN:
SF:app.js
FNF:0
FNH:0
DA:1,1
DA:2,1
DA:3,1
DA:4,1
DA:5,1
DA:6,1
DA:8,1
DA:10,1
DA:11,1
DA:12,1
DA:13,1
DA:15,1
DA:16,1
DA:18,1
DA:24,1
LF:15
LH:15
BRDA:15,0,0,1
BRDA:15,0,1,1
BRF:2
BRH:2
end_of_record
TN:
SF:socket.js
FN:51,setupSocket
FN:60,(anonymous_1)
FN:63,(anonymous_2)
FN:64,(anonymous_3)
FN:74,(anonymous_4)
FN:87,(anonymous_5)
FN:91,(anonymous_6)
FN:100,(anonymous_7)
FN:112,(anonymous_8)
FN:124,(anonymous_9)
FN:134,(anonymous_10)
FN:138,(anonymous_11)
FN:144,(anonymous_12)
FN:155,(anonymous_13)
FN:167,(anonymous_14)
FN:169,(anonymous_15)
FNF:16
FNH:14
FNDA:2,setupSocket
FNDA:2,(anonymous_1)
FNDA:2,(anonymous_2)
FNDA:1,(anonymous_3)
FNDA:1,(anonymous_4)
FNDA:1,(anonymous_5)
FNDA:1,(anonymous_6)
FNDA:0,(anonymous_7)
FNDA:1,(anonymous_8)
FNDA:1,(anonymous_9)
FNDA:1,(anonymous_10)
FNDA:1,(anonymous_11)
FNDA:0,(anonymous_12)
FNDA:1,(anonymous_13)
FNDA:1,(anonymous_14)
FNDA:1,(anonymous_15)
DA:47,2
DA:48,2
DA:49,2
DA:52,2
DA:58,2
DA:60,2
DA:61,2
DA:63,2
DA:64,2
DA:65,1
DA:70,2
DA:71,2
DA:74,2
DA:75,1
DA:76,1
DA:78,1
DA:86,1
DA:88,1
DA:89,1
DA:92,1
DA:93,1
DA:97,1
DA:101,0
DA:102,0
DA:107,1
DA:108,1
DA:109,1
DA:111,1
DA:112,1
DA:114,1
DA:115,0
DA:116,0
DA:120,0
DA:124,2
DA:125,1
DA:126,1
DA:133,1
DA:135,1
DA:136,1
DA:139,1
DA:140,1
DA:144,1
DA:145,0
DA:146,0
DA:147,0
DA:151,1
DA:152,1
DA:154,1
DA:155,1
DA:157,1
DA:158,0
DA:162,0
DA:163,0
DA:167,2
DA:168,1
DA:169,1
DA:170,1
DA:171,1
DA:176,2
LF:59
LH:48
BRDA:64,0,0,1
BRDA:64,0,1,1
BRDA:101,1,0,0
BRDA:101,1,1,0
BRDA:107,2,0,1
BRDA:107,2,1,0
BRDA:107,3,0,1
BRDA:107,3,1,1
BRDA:114,4,0,0
BRDA:114,4,1,1
BRDA:145,5,0,0
BRDA:145,5,1,0
BRDA:151,6,0,1
BRDA:151,6,1,0
BRDA:151,7,0,1
BRDA:151,7,1,1
BRDA:157,8,0,0
BRDA:157,8,1,1
BRF:18
BRH:10
end_of_record
TN:
SF:Controllers\UserController.js
FN:6,(anonymous_0)
FN:26,(anonymous_1)
FN:73,(anonymous_2)
FN:100,(anonymous_3)
FNF:4
FNH:4
FNDA:9,(anonymous_0)
FNDA:6,(anonymous_1)
FNDA:2,(anonymous_2)
FNDA:1,(anonymous_3)
DA:1,1
DA:2,1
DA:3,1
DA:7,9
DA:8,9
DA:9,9
DA:15,1
DA:20,1
DA:22,8
DA:27,6
DA:28,6
DA:30,6
DA:31,2
DA:37,4
DA:38,1
DA:44,3
DA:46,3
DA:47,1
DA:53,2
DA:54,2
DA:55,1
DA:61,1
DA:62,1
DA:69,0
DA:74,2
DA:75,2
DA:83,2
DA:87,2
DA:88,1
DA:94,1
DA:96,0
DA:101,1
DA:102,1
DA:106,1
DA:108,0
DA:113,1
LF:36
LH:33
BRDA:30,0,0,2
BRDA:30,0,1,4
BRDA:37,1,0,1
BRDA:37,1,1,3
BRDA:46,2,0,1
BRDA:46,2,1,2
BRDA:54,3,0,1
BRDA:54,3,1,1
BRDA:87,4,0,1
BRDA:87,4,1,1
BRF:10
BRH:10
end_of_record
TN:
SF:Controllers\chatController.js
FN:5,(anonymous_0)
FN:50,(anonymous_1)
FN:61,(anonymous_2)
FN:62,(anonymous_3)
FN:74,(anonymous_4)
FN:78,(anonymous_5)
FN:81,(anonymous_6)
FN:92,(anonymous_7)
FNF:8
FNH:8
FNDA:4,(anonymous_0)
FNDA:2,(anonymous_1)
FNDA:1,(anonymous_2)
FNDA:2,(anonymous_3)
FNDA:2,(anonymous_4)
FNDA:1,(anonymous_5)
FNDA:2,(anonymous_6)
FNDA:2,(anonymous_7)
DA:1,2
DA:2,2
DA:6,4
DA:7,4
DA:8,4
DA:9,1
DA:15,3
DA:16,3
DA:17,1
DA:23,2
DA:31,2
DA:32,2
DA:37,2
DA:44,2
DA:46,0
DA:51,2
DA:52,2
DA:54,2
DA:60,2
DA:61,2
DA:62,2
DA:64,2
DA:66,2
DA:73,2
DA:74,2
DA:75,2
DA:78,2
DA:79,1
DA:80,1
DA:81,2
DA:83,1
DA:86,2
DA:88,0
DA:93,2
DA:94,2
DA:95,2
DA:96,0
DA:102,2
DA:110,2
DA:111,1
DA:117,1
DA:119,1
DA:126,1
DA:128,1
DA:130,0
DA:135,2
LF:46
LH:42
BRDA:8,0,0,1
BRDA:8,0,1,3
BRDA:8,1,0,4
BRDA:8,1,1,4
BRDA:16,2,0,1
BRDA:16,2,1,2
BRDA:31,3,0,2
BRDA:31,3,1,0
BRDA:95,4,0,0
BRDA:95,4,1,2
BRDA:95,5,0,2
BRDA:95,5,1,2
BRDA:110,6,0,1
BRDA:110,6,1,1
BRF:14
BRH:12
end_of_record
TN:
SF:Controllers\messageController.js
FN:4,(anonymous_0)
FN:37,(anonymous_1)
FNF:2
FNH:2
FNDA:4,(anonymous_0)
FNDA:2,(anonymous_1)
DA:1,2
DA:5,4
DA:6,4
DA:7,4
DA:8,1
DA:14,3
DA:15,3
DA:16,1
DA:22,2
DA:23,1
DA:29,1
DA:31,1
DA:33,0
DA:38,2
DA:39,2
DA:40,2
DA:41,2
DA:42,1
DA:48,1
DA:53,1
DA:55,0
DA:60,2
LF:22
LH:20
BRDA:7,0,0,1
BRDA:7,0,1,3
BRDA:7,1,0,4
BRDA:7,1,1,3
BRDA:7,1,2,3
BRDA:15,2,0,1
BRDA:15,2,1,2
BRDA:22,3,0,1
BRDA:22,3,1,1
BRDA:41,4,0,1
BRDA:41,4,1,1
BRF:11
BRH:11
end_of_record
TN:
SF:helpers\bcrypt.js
FN:3,(anonymous_0)
FN:9,(anonymous_1)
FNF:2
FNH:2
FNDA:6,(anonymous_0)
FNDA:2,(anonymous_1)
DA:1,3
DA:3,3
DA:4,6
DA:5,6
DA:6,6
DA:9,3
DA:10,2
DA:13,3
LF:8
LH:8
BRF:0
BRH:0
end_of_record
TN:
SF:helpers\jwt.js
FN:7,(anonymous_0)
FN:9,(anonymous_1)
FNF:2
FNH:2
FNDA:3,(anonymous_0)
FNDA:21,(anonymous_1)
DA:1,1
DA:2,1
DA:4,1
DA:6,1
DA:7,3
DA:10,21
DA:11,21
DA:13,4
LF:8
LH:8
BRF:0
BRH:0
end_of_record
TN:
SF:middlewares\authentication.js
FN:4,authentication
FNF:1
FNH:1
FNDA:27,authentication
DA:1,1
DA:2,1
DA:5,27
DA:6,27
DA:7,27
DA:8,6
DA:14,21
DA:15,21
DA:16,0
DA:23,21
DA:24,21
DA:26,4
DA:32,17
DA:33,17
DA:34,0
DA:40,17
DA:42,17
DA:44,0
DA:51,1
LF:19
LH:16
BRDA:7,0,0,6
BRDA:7,0,1,21
BRDA:15,1,0,0
BRDA:15,1,1,21
BRDA:33,2,0,0
BRDA:33,2,1,17
BRDA:45,3,0,0
BRDA:45,3,1,0
BRDA:46,4,0,0
BRDA:46,4,1,0
BRF:10
BRH:4
end_of_record
TN:
SF:middlewares\errorHandler.js
FN:1,errorHandler
FNF:1
FNH:1
FNDA:31,errorHandler
DA:2,31
DA:3,31
DA:4,31
DA:6,31
DA:10,8
DA:11,8
DA:14,31
DA:15,6
DA:16,6
DA:19,31
DA:24,12
DA:25,12
DA:28,31
DA:29,1
DA:30,1
DA:33,31
DA:34,4
DA:35,4
DA:38,31
DA:39,0
DA:40,0
DA:43,31
DA:46,1
LF:23
LH:21
BRDA:3,0,0,31
BRDA:3,0,1,31
BRDA:4,1,0,31
BRDA:4,1,1,0
BRDA:6,2,0,8
BRDA:6,2,1,23
BRDA:7,3,0,31
BRDA:7,3,1,24
BRDA:14,4,0,6
BRDA:14,4,1,25
BRDA:16,5,0,6
BRDA:16,5,1,0
BRDA:19,6,0,12
BRDA:19,6,1,19
BRDA:20,7,0,31
BRDA:20,7,1,31
BRDA:20,7,2,31
BRDA:25,8,0,12
BRDA:25,8,1,0
BRDA:28,9,0,1
BRDA:28,9,1,30
BRDA:30,10,0,1
BRDA:30,10,1,0
BRDA:33,11,0,4
BRDA:33,11,1,27
BRDA:35,12,0,4
BRDA:35,12,1,0
BRDA:38,13,0,0
BRDA:38,13,1,31
BRDA:40,14,0,0
BRDA:40,14,1,0
BRF:31
BRH:23
end_of_record
TN:
SF:models\chat.js
FN:3,(anonymous_0)
FN:10,(anonymous_1)
FN:30,(anonymous_2)
FN:39,(anonymous_3)
FNF:4
FNH:4
FNDA:3,(anonymous_0)
FNDA:3,(anonymous_1)
FNDA:7,(anonymous_2)
FNDA:3,(anonymous_3)
DA:2,3
DA:3,3
DA:12,3
DA:18,3
DA:31,7
DA:32,7
DA:40,3
DA:41,0
DA:53,3
LF:9
LH:8
BRDA:32,0,0,7
BRDA:32,0,1,0
BRDA:33,1,0,7
BRDA:33,1,1,0
BRDA:40,2,0,0
BRDA:40,2,1,3
BRF:6
BRH:3
end_of_record
TN:
SF:models\index.js
FN:21,(anonymous_0)
FN:29,(anonymous_1)
FN:34,(anonymous_2)
FNF:3
FNH:3
FNDA:12,(anonymous_0)
FNDA:9,(anonymous_1)
FNDA:9,(anonymous_2)
DA:3,3
DA:4,3
DA:5,3
DA:6,3
DA:7,3
DA:8,3
DA:9,3
DA:10,3
DA:13,3
DA:14,0
DA:16,3
DA:19,3
DA:22,12
DA:30,9
DA:31,9
DA:34,3
DA:35,9
DA:36,9
DA:40,3
DA:41,3
DA:43,3
LF:21
LH:20
BRDA:8,0,0,3
BRDA:8,0,1,0
BRDA:13,1,0,0
BRDA:13,1,1,3
BRDA:23,2,0,12
BRDA:23,2,1,12
BRDA:23,2,2,9
BRDA:23,2,3,9
BRDA:35,3,0,9
BRDA:35,3,1,0
BRF:10
BRH:7
end_of_record
TN:
SF:models\message.js
FN:3,(anonymous_0)
FN:10,(anonymous_1)
FNF:2
FNH:2
FNDA:3,(anonymous_0)
FNDA:3,(anonymous_1)
DA:2,3
DA:3,3
DA:12,3
DA:16,3
DA:22,3
DA:51,3
LF:6
LH:6
BRF:0
BRH:0
end_of_record
TN:
SF:models\user.js
FN:6,(anonymous_0)
FN:13,(anonymous_1)
FN:66,(anonymous_2)
FNF:3
FNH:3
FNDA:3,(anonymous_0)
FNDA:3,(anonymous_1)
FNDA:2,(anonymous_2)
DA:2,3
DA:4,3
DA:6,3
DA:23,3
DA:67,2
DA:76,3
LF:6
LH:6
BRF:0
BRH:0
end_of_record
TN:
SF:routes\chatRoute.js
FNF:0
FNH:0
DA:1,1
DA:2,1
DA:4,1
DA:6,1
DA:8,1
DA:10,1
DA:12,1
LF:7
LH:7
BRF:0
BRH:0
end_of_record
TN:
SF:routes\index.js
FN:9,(anonymous_0)
FNF:1
FNH:1
FNDA:1,(anonymous_0)
DA:1,1
DA:2,1
DA:3,1
DA:4,1
DA:5,1
DA:6,1
DA:7,1
DA:9,1
DA:10,1
DA:13,1
DA:15,1
DA:16,1
DA:17,1
DA:19,1
DA:21,1
LF:15
LH:15
BRF:0
BRH:0
end_of_record
TN:
SF:routes\messageRoute.js
FNF:0
FNH:0
DA:1,1
DA:2,1
DA:4,1
DA:6,1
DA:8,1
DA:10,1
LF:6
LH:6
BRF:0
BRH:0
end_of_record
TN:
SF:routes\userRoute.js
FNF:0
FNH:0
DA:1,1
DA:2,1
DA:3,1
DA:5,1
DA:7,1
DA:9,1
DA:11,1
DA:12,1
DA:14,1
DA:16,1
LF:10
LH:10
BRF:0
BRH:0
end_of_record
