TN:
SF:controllers/chatController.js
FN:5,(anonymous_0)
FN:46,(anonymous_1)
FN:63,(anonymous_2)
FN:64,(anonymous_3)
FN:76,(anonymous_4)
FN:80,(anonymous_5)
FN:83,(anonymous_6)
FN:94,(anonymous_7)
FNF:8
FNH:3
FNDA:4,(anonymous_0)
FNDA:3,(anonymous_1)
FNDA:0,(anonymous_2)
FNDA:0,(anonymous_3)
FNDA:0,(anonymous_4)
FNDA:0,(anonymous_5)
FNDA:0,(anonymous_6)
FNDA:5,(anonymous_7)
DA:1,1
DA:2,1
DA:6,4
DA:7,4
DA:8,4
DA:9,1
DA:15,3
DA:23,2
DA:24,1
DA:29,2
DA:40,2
DA:42,1
DA:47,3
DA:48,3
DA:49,3
DA:50,1
DA:56,2
DA:62,1
DA:63,1
DA:64,0
DA:66,1
DA:68,1
DA:75,1
DA:76,1
DA:77,0
DA:80,1
DA:81,0
DA:82,0
DA:83,0
DA:85,0
DA:88,1
DA:90,1
DA:95,5
DA:96,5
DA:97,5
DA:98,1
DA:104,4
DA:112,3
DA:113,1
DA:119,2
DA:121,2
DA:128,2
DA:130,2
DA:132,1
DA:137,1
LF:45
LH:39
BRDA:8,0,0,1
BRDA:8,0,1,3
BRDA:8,1,0,4
BRDA:8,1,1,4
BRDA:23,2,0,1
BRDA:23,2,1,1
BRDA:49,3,0,1
BRDA:49,3,1,2
BRDA:97,4,0,1
BRDA:97,4,1,4
BRDA:97,5,0,5
BRDA:97,5,1,5
BRDA:112,6,0,1
BRDA:112,6,1,2
BRF:14
BRH:14
end_of_record
TN:
SF:controllers/messageController.js
FN:10,(anonymous_0)
FN:23,(anonymous_1)
FN:57,(anonymous_2)
FN:90,(anonymous_3)
FNF:4
FNH:4
FNDA:2,(anonymous_0)
FNDA:2,(anonymous_1)
FNDA:5,(anonymous_2)
FNDA:4,(anonymous_3)
DA:1,1
DA:2,1
DA:4,1
DA:11,2
DA:12,2
DA:16,2
DA:18,2
DA:21,2
DA:24,2
DA:28,2
DA:34,2
DA:36,2
DA:44,0
DA:45,0
DA:47,0
DA:49,2
DA:50,2
DA:58,5
DA:59,5
DA:60,5
DA:61,1
DA:67,4
DA:68,3
DA:69,1
DA:75,2
DA:76,1
DA:82,1
DA:84,1
DA:86,1
DA:91,4
DA:92,4
DA:93,4
DA:94,1
DA:100,3
DA:101,2
DA:102,1
DA:108,1
DA:113,1
DA:115,1
DA:120,1
LF:40
LH:37
BRDA:24,0,0,1
BRDA:24,0,1,1
BRDA:60,1,0,1
BRDA:60,1,1,4
BRDA:60,2,0,5
BRDA:60,2,1,5
BRDA:60,2,2,5
BRDA:68,3,0,1
BRDA:68,3,1,2
BRDA:75,4,0,1
BRDA:75,4,1,1
BRDA:93,5,0,1
BRDA:93,5,1,3
BRDA:101,6,0,1
BRDA:101,6,1,1
BRF:15
BRH:15
end_of_record
TN:
SF:controllers/userController.js
FN:6,(anonymous_0)
FN:34,(anonymous_1)
FN:81,(anonymous_2)
FN:108,(anonymous_3)
FNF:4
FNH:4
FNDA:3,(anonymous_0)
FNDA:5,(anonymous_1)
FNDA:3,(anonymous_2)
FNDA:2,(anonymous_3)
DA:1,1
DA:2,1
DA:3,1
DA:7,3
DA:8,3
DA:9,3
DA:10,1
DA:16,2
DA:22,1
DA:27,1
DA:30,1
DA:35,5
DA:36,5
DA:38,5
DA:39,1
DA:45,4
DA:46,1
DA:52,3
DA:54,3
DA:55,1
DA:61,2
DA:62,2
DA:63,1
DA:69,1
DA:70,1
DA:77,0
DA:82,3
DA:83,3
DA:84,3
DA:85,1
DA:91,2
DA:95,2
DA:96,1
DA:102,1
DA:104,0
DA:109,2
DA:110,2
DA:114,1
DA:116,1
DA:121,1
LF:40
LH:38
BRDA:9,0,0,1
BRDA:9,0,1,2
BRDA:9,1,0,3
BRDA:9,1,1,3
BRDA:9,1,2,3
BRDA:38,2,0,1
BRDA:38,2,1,4
BRDA:45,3,0,1
BRDA:45,3,1,3
BRDA:54,4,0,1
BRDA:54,4,1,2
BRDA:62,5,0,1
BRDA:62,5,1,1
BRDA:84,6,0,1
BRDA:84,6,1,2
BRDA:95,7,0,1
BRDA:95,7,1,1
BRF:17
BRH:17
end_of_record
TN:
SF:helpers/bcrypt.js
FN:3,(anonymous_0)
FN:9,(anonymous_1)
FNF:2
FNH:2
FNDA:3,(anonymous_0)
FNDA:2,(anonymous_1)
DA:1,4
DA:3,4
DA:4,3
DA:5,3
DA:6,3
DA:9,4
DA:10,2
DA:13,4
LF:8
LH:8
BRF:0
BRH:0
end_of_record
TN:
SF:helpers/jwt.js
FN:7,(anonymous_0)
FN:9,(anonymous_1)
FNF:2
FNH:2
FNDA:1,(anonymous_0)
FNDA:2,(anonymous_1)
DA:1,2
DA:2,2
DA:4,2
DA:6,2
DA:7,1
DA:10,2
DA:11,2
DA:13,1
LF:8
LH:8
BRF:0
BRH:0
end_of_record
TN:
SF:models/chat.js
FN:3,(anonymous_0)
FN:10,(anonymous_1)
FN:30,(anonymous_2)
FN:39,(anonymous_3)
FNF:4
FNH:4
FNDA:4,(anonymous_0)
FNDA:3,(anonymous_1)
FNDA:2,(anonymous_2)
FNDA:1,(anonymous_3)
DA:2,4
DA:3,4
DA:12,3
DA:18,4
DA:31,2
DA:32,2
DA:40,1
DA:41,1
DA:53,4
LF:9
LH:9
BRDA:32,0,0,2
BRDA:32,0,1,0
BRDA:33,1,0,1
BRDA:33,1,1,1
BRDA:40,2,0,1
BRDA:40,2,1,0
BRF:6
BRH:4
end_of_record
TN:
SF:models/index.js
FN:21,(anonymous_0)
FN:29,(anonymous_1)
FN:34,(anonymous_2)
FNF:3
FNH:3
FNDA:12,(anonymous_0)
FNDA:9,(anonymous_1)
FNDA:9,(anonymous_2)
DA:3,3
DA:4,3
DA:5,3
DA:6,3
DA:7,3
DA:8,3
DA:9,3
DA:10,3
DA:13,3
DA:14,0
DA:16,3
DA:19,3
DA:22,12
DA:30,9
DA:31,9
DA:34,3
DA:35,9
DA:36,9
DA:40,3
DA:41,3
DA:43,3
LF:21
LH:20
BRDA:8,0,0,3
BRDA:8,0,1,0
BRDA:13,1,0,0
BRDA:13,1,1,3
BRDA:23,2,0,12
BRDA:23,2,1,12
BRDA:23,2,2,9
BRDA:23,2,3,9
BRDA:35,3,0,9
BRDA:35,3,1,0
BRF:10
BRH:7
end_of_record
TN:
SF:models/message.js
FN:3,(anonymous_0)
FN:10,(anonymous_1)
FNF:2
FNH:2
FNDA:3,(anonymous_0)
FNDA:3,(anonymous_1)
DA:2,3
DA:3,3
DA:12,3
DA:16,3
DA:22,3
DA:51,3
LF:6
LH:6
BRF:0
BRH:0
end_of_record
TN:
SF:models/user.js
FN:6,(anonymous_0)
FN:13,(anonymous_1)
FN:66,(anonymous_2)
FNF:3
FNH:2
FNDA:3,(anonymous_0)
FNDA:3,(anonymous_1)
FNDA:0,(anonymous_2)
DA:2,3
DA:4,3
DA:6,3
DA:23,3
DA:67,0
DA:76,3
LF:6
LH:5
BRF:0
BRH:0
end_of_record
